Using pre-set license
Built from '2020.3/staging' branch; Version is '2020.3.11f1 (99c7afb366b3) revision 10078127'; Using compiler version '192528614'; Build Type 'Release'
OS: 'Windows 10 Home; OS build 19042.1288; Version 2009; 64bit' Language: 'en' Physical Memory: 32635 MB
BatchMode: 1, IsHumanControllingUs: 0, StartBugReporterOnCrash: 0, Is64bit: 1, IsPro: 0

 COMMAND LINE ARGUMENTS:
C:\Program Files\Unity\Hub\Editor\2020.3.11f1\Editor\Unity.exe
-adb2
-batchMode
-noUpm
-name
AssetImportWorker0
-projectPath
C:/Users/emre_/Desktop/Github/Solitaire
-logFile
Logs/AssetImportWorker0.log
-srvPort
64616
Successfully changed project path to: C:/Users/emre_/Desktop/Github/Solitaire
C:/Users/emre_/Desktop/Github/Solitaire
Using Asset Import Pipeline V2.
Refreshing native plugins compatible for Editor in 23.64 ms, found 2 plugins.
Preloading 0 native plugins for Editor in 0.00 ms.
Initialize engine version: 2020.3.11f1 (99c7afb366b3)
[Subsystems] Discovering subsystems at path C:/Program Files/Unity/Hub/Editor/2020.3.11f1/Editor/Data/Resources/UnitySubsystems
[Subsystems] Discovering subsystems at path C:/Users/emre_/Desktop/Github/Solitaire/Assets
GfxDevice: creating device client; threaded=0
Direct3D:
    Version:  Direct3D 11.0 [level 11.1]
    Renderer: NVIDIA GeForce RTX 2070 Super (ID=0x1e91)
    Vendor:   
    VRAM:     8011 MB
    Driver:   26.21.14.4223
Initialize mono
Mono path[0] = 'C:/Program Files/Unity/Hub/Editor/2020.3.11f1/Editor/Data/Managed'
Mono path[1] = 'C:/Program Files/Unity/Hub/Editor/2020.3.11f1/Editor/Data/MonoBleedingEdge/lib/mono/unityjit'
Mono config path = 'C:/Program Files/Unity/Hub/Editor/2020.3.11f1/Editor/Data/MonoBleedingEdge/etc'
Using monoOptions --debugger-agent=transport=dt_socket,embedding=1,server=y,suspend=n,address=127.0.0.1:56128
Begin MonoManager ReloadAssembly
Registering precompiled unity dll's ...
Register platform support module: C:/Program Files/Unity/Hub/Editor/2020.3.11f1/Editor/Data/PlaybackEngines/WindowsStandaloneSupport/UnityEditor.WindowsStandalone.Extensions.dll
Registered in 0.001944 seconds.
Native extension for WindowsStandalone target not found
Refreshing native plugins compatible for Editor in 23.54 ms, found 2 plugins.
Preloading 0 native plugins for Editor in 0.00 ms.
Mono: successfully reloaded assembly
- Completed reload, in  0.830 seconds
Platform modules already initialized, skipping
Registering precompiled user dll's ...
Registered in 0.002870 seconds.
Begin MonoManager ReloadAssembly
Native extension for WindowsStandalone target not found
Refreshing native plugins compatible for Editor in 0.27 ms, found 2 plugins.
Preloading 0 native plugins for Editor in 0.00 ms.
Mono: successfully reloaded assembly
- Completed reload, in  0.867 seconds
Platform modules already initialized, skipping
========================================================================
Worker process is ready to serve import requests
Launched and connected shader compiler UnityShaderCompiler.exe after 0.03 seconds
Refreshing native plugins compatible for Editor in 0.31 ms, found 2 plugins.
Preloading 0 native plugins for Editor in 0.00 ms.
Unloading 1386 Unused Serialized files (Serialized files now loaded: 0)
System memory in use before: 64.6 MB.
System memory in use after: 64.7 MB.

Unloading 19 unused Assets to reduce memory usage. Loaded Objects now: 1819.
Total: 1.688100 ms (FindLiveObjects: 0.211600 ms CreateObjectMapping: 0.049000 ms MarkObjects: 1.362600 ms  DeleteObjects: 0.064000 ms)

========================================================================
Received Import Request.
  path: Assets/Solitario (6)
  artifactKey: Guid(c4b9ced0a1c6c5f4e92d9f58e2e74e37) Importer(815301076,1909f56bfc062723c751e8b465ee728b)
Start importing Assets/Solitario (6) using Guid(c4b9ced0a1c6c5f4e92d9f58e2e74e37) Importer(815301076,1909f56bfc062723c751e8b465ee728b)  -> (artifact id: '68beee7bf3d02f8dba8803ad7ebc9661') in 0.007033 seconds
  Import took 0.008945 seconds .

========================================================================
Received Import Request.
  Time since last request: 0.082955 seconds.
  path: Assets/Solitario
  artifactKey: Guid(c4b9ced0a1c6c5f4e92d9f58e2e74e37) Importer(815301076,1909f56bfc062723c751e8b465ee728b)
Start importing Assets/Solitario using Guid(c4b9ced0a1c6c5f4e92d9f58e2e74e37) Importer(815301076,1909f56bfc062723c751e8b465ee728b)  -> (artifact id: '0e26419ea7056dc540eb4d42d4d14889') in 0.010815 seconds
  Import took 0.013052 seconds .

========================================================================
Received Import Request.
  Time since last request: 1.782388 seconds.
  path: Assets/Solitario/Solitario
  artifactKey: Guid(647cb8477fffc834f839b966934fba32) Importer(815301076,1909f56bfc062723c751e8b465ee728b)
Start importing Assets/Solitario/Solitario using Guid(647cb8477fffc834f839b966934fba32) Importer(815301076,1909f56bfc062723c751e8b465ee728b)  -> (artifact id: '19a28a9a16216a3619df78fdde96ccb6') in 0.004368 seconds
  Import took 0.007090 seconds .

========================================================================
Received Import Request.
  Time since last request: 4.356080 seconds.
  path: Assets/Solitario/Solitario/carte
  artifactKey: Guid(00e58cd9fc1d1bc438ae0c8e048553d9) Importer(815301076,1909f56bfc062723c751e8b465ee728b)
Start importing Assets/Solitario/Solitario/carte using Guid(00e58cd9fc1d1bc438ae0c8e048553d9) Importer(815301076,1909f56bfc062723c751e8b465ee728b)  -> (artifact id: '1c44499a3bc645fa165eeb9e41aa0a30') in 0.010643 seconds
  Import took 0.012880 seconds .

========================================================================
Received Import Request.
  Time since last request: 0.057867 seconds.
  path: Assets/Solitario/Solitario/carte/base-carte.png
  artifactKey: Guid(6f3109d6b287b064ba98583a5a69432c) Importer(815301076,1909f56bfc062723c751e8b465ee728b)
Start importing Assets/Solitario/Solitario/carte/base-carte.png using Guid(6f3109d6b287b064ba98583a5a69432c) Importer(815301076,1909f56bfc062723c751e8b465ee728b)  -> (artifact id: '8043407a54c3f1b6ea68b1a49c20e80f') in 0.064781 seconds
  Import took 0.066867 seconds .

========================================================================
Received Import Request.
  Time since last request: 0.000115 seconds.
  path: Assets/Solitario/Solitario/carte/fronte.png
  artifactKey: Guid(a68e82ee7f0407d4393f4cee0137b7ba) Importer(815301076,1909f56bfc062723c751e8b465ee728b)
Start importing Assets/Solitario/Solitario/carte/fronte.png using Guid(a68e82ee7f0407d4393f4cee0137b7ba) Importer(815301076,1909f56bfc062723c751e8b465ee728b)  -> (artifact id: '60a0e2bb965577fd287c018ee70581af') in 0.019146 seconds
  Import took 0.020964 seconds .

========================================================================
Received Import Request.
  Time since last request: 0.000130 seconds.
  path: Assets/Solitario/Solitario/carte/retro-carte.png
  artifactKey: Guid(e0ce0ea003f98fa4fbab200f344b0c34) Importer(815301076,1909f56bfc062723c751e8b465ee728b)
Start importing Assets/Solitario/Solitario/carte/retro-carte.png using Guid(e0ce0ea003f98fa4fbab200f344b0c34) Importer(815301076,1909f56bfc062723c751e8b465ee728b)  -> (artifact id: '932874449e82893f1f1024f91b250437') in 0.013038 seconds
  Import took 0.016442 seconds .

========================================================================
Received Import Request.
  Time since last request: 0.000253 seconds.
  path: Assets/Solitario/Solitario/carte/fondo-carta.png
  artifactKey: Guid(59bb1fb3489a6d1498cf22ff25a0fb0e) Importer(815301076,1909f56bfc062723c751e8b465ee728b)
Start importing Assets/Solitario/Solitario/carte/fondo-carta.png using Guid(59bb1fb3489a6d1498cf22ff25a0fb0e) Importer(815301076,1909f56bfc062723c751e8b465ee728b)  -> (artifact id: '263806b58303fbe69fdff484c9bf785a') in 0.011468 seconds
  Import took 0.014983 seconds .

========================================================================
Received Import Request.
  Time since last request: 1.501223 seconds.
  path: Assets/Solitario/Solitario/carte/figure
  artifactKey: Guid(4fc5eaf091e46d449b2ab42217c77335) Importer(815301076,1909f56bfc062723c751e8b465ee728b)
Start importing Assets/Solitario/Solitario/carte/figure using Guid(4fc5eaf091e46d449b2ab42217c77335) Importer(815301076,1909f56bfc062723c751e8b465ee728b)  -> (artifact id: 'bee81336f1e527917c53f1cab4f6994d') in 0.007403 seconds
  Import took 0.010421 seconds .

========================================================================
Received Import Request.
  Time since last request: 0.828426 seconds.
  path: Assets/Solitario/Solitario/carte/figure/rosso
  artifactKey: Guid(03107e3671b80dc4eb338724c9d4020a) Importer(815301076,1909f56bfc062723c751e8b465ee728b)
Start importing Assets/Solitario/Solitario/carte/figure/rosso using Guid(03107e3671b80dc4eb338724c9d4020a) Importer(815301076,1909f56bfc062723c751e8b465ee728b)  -> (artifact id: '28ea49075a0165587e99b00e3e0a5b10') in 0.006538 seconds
  Import took 0.009144 seconds .

========================================================================
Received Import Request.
  Time since last request: 0.048107 seconds.
  path: Assets/Solitario/Solitario/carte/figure/rosso/donna.png
  artifactKey: Guid(864d64b94197a9a48ad6cffab37b2df9) Importer(815301076,1909f56bfc062723c751e8b465ee728b)
Start importing Assets/Solitario/Solitario/carte/figure/rosso/donna.png using Guid(864d64b94197a9a48ad6cffab37b2df9) Importer(815301076,1909f56bfc062723c751e8b465ee728b)  -> (artifact id: 'fc538d618807294924c3bb884bcc6c11') in 0.010833 seconds
  Import took 0.012950 seconds .

========================================================================
Received Import Request.
  Time since last request: 0.000139 seconds.
  path: Assets/Solitario/Solitario/carte/figure/rosso/jack.png
  artifactKey: Guid(f753c10ba5ce20744ada7f187134aed1) Importer(815301076,1909f56bfc062723c751e8b465ee728b)
Start importing Assets/Solitario/Solitario/carte/figure/rosso/jack.png using Guid(f753c10ba5ce20744ada7f187134aed1) Importer(815301076,1909f56bfc062723c751e8b465ee728b)  -> (artifact id: 'f30147f2d5441a7fa927eebc0314f49e') in 0.018614 seconds
  Import took 0.020786 seconds .

========================================================================
Received Import Request.
  Time since last request: 0.000283 seconds.
  path: Assets/Solitario/Solitario/carte/figure/rosso/jolly.png
  artifactKey: Guid(f9dcc27314f0ac046bef2fd5276ba08d) Importer(815301076,1909f56bfc062723c751e8b465ee728b)
Start importing Assets/Solitario/Solitario/carte/figure/rosso/jolly.png using Guid(f9dcc27314f0ac046bef2fd5276ba08d) Importer(815301076,1909f56bfc062723c751e8b465ee728b)  -> (artifact id: '9680f7ec12de9678bc50f067ff46fded') in 0.015399 seconds
  Import took 0.018280 seconds .

========================================================================
Received Import Request.
  Time since last request: 0.000138 seconds.
  path: Assets/Solitario/Solitario/carte/figure/rosso/re.png
  artifactKey: Guid(7ae887005bcdeed4b8a837096bd45d79) Importer(815301076,1909f56bfc062723c751e8b465ee728b)
Start importing Assets/Solitario/Solitario/carte/figure/rosso/re.png using Guid(7ae887005bcdeed4b8a837096bd45d79) Importer(815301076,1909f56bfc062723c751e8b465ee728b)  -> (artifact id: 'f6c47fc3a000c62e5d981c77f6197400') in 0.014161 seconds
  Import took 0.016699 seconds .

========================================================================
Received Import Request.
  Time since last request: 2.398287 seconds.
  path: Assets/Solitario/Solitario/carte/figure/nero
  artifactKey: Guid(08894ad82b1bbac4887d74280fe66881) Importer(815301076,1909f56bfc062723c751e8b465ee728b)
Start importing Assets/Solitario/Solitario/carte/figure/nero using Guid(08894ad82b1bbac4887d74280fe66881) Importer(815301076,1909f56bfc062723c751e8b465ee728b)  -> (artifact id: 'da138f62a2ed62b06d6280af4127c11f') in 0.008483 seconds
  Import took 0.010643 seconds .

========================================================================
Received Import Request.
  Time since last request: 0.072720 seconds.
  path: Assets/Solitario/Solitario/carte/figure/nero/donna.png
  artifactKey: Guid(f6107ff580c3ef64fa2a2a111d99f149) Importer(815301076,1909f56bfc062723c751e8b465ee728b)
Start importing Assets/Solitario/Solitario/carte/figure/nero/donna.png using Guid(f6107ff580c3ef64fa2a2a111d99f149) Importer(815301076,1909f56bfc062723c751e8b465ee728b)  -> (artifact id: '52261e1eb0c2a620c8b5dbecf420bd9c') in 0.009153 seconds
  Import took 0.011442 seconds .

========================================================================
Received Import Request.
  Time since last request: 0.000142 seconds.
  path: Assets/Solitario/Solitario/carte/figure/nero/jolly.png
  artifactKey: Guid(29085cfbcc68b3145ac8f018a66959f5) Importer(815301076,1909f56bfc062723c751e8b465ee728b)
Start importing Assets/Solitario/Solitario/carte/figure/nero/jolly.png using Guid(29085cfbcc68b3145ac8f018a66959f5) Importer(815301076,1909f56bfc062723c751e8b465ee728b)  -> (artifact id: '597877cea33438adfb4141f68e7e8b82') in 0.009840 seconds
  Import took 0.011656 seconds .

========================================================================
Received Import Request.
  Time since last request: 0.000198 seconds.
  path: Assets/Solitario/Solitario/carte/figure/nero/jack.png
  artifactKey: Guid(b5cff781c3108df4d9449b0d13fac4c1) Importer(815301076,1909f56bfc062723c751e8b465ee728b)
Start importing Assets/Solitario/Solitario/carte/figure/nero/jack.png using Guid(b5cff781c3108df4d9449b0d13fac4c1) Importer(815301076,1909f56bfc062723c751e8b465ee728b)  -> (artifact id: 'e7f60c54a4e1c86c5c03dfab060e8f2b') in 0.011423 seconds
  Import took 0.015118 seconds .

========================================================================
Received Import Request.
  Time since last request: 0.000185 seconds.
  path: Assets/Solitario/Solitario/carte/figure/nero/re.png
  artifactKey: Guid(e39cc7f332d5e104ba9c44a59a6cc026) Importer(815301076,1909f56bfc062723c751e8b465ee728b)
Start importing Assets/Solitario/Solitario/carte/figure/nero/re.png using Guid(e39cc7f332d5e104ba9c44a59a6cc026) Importer(815301076,1909f56bfc062723c751e8b465ee728b)  -> (artifact id: '962d316ddca1bc7d726604b68b2210a6') in 0.012793 seconds
  Import took 0.016064 seconds .

========================================================================
Received Import Request.
  Time since last request: 2.485157 seconds.
  path: Assets/Solitario/Solitario/carte/numeri carte
  artifactKey: Guid(512dfe76187faaf46a55cfeae07539c9) Importer(815301076,1909f56bfc062723c751e8b465ee728b)
Start importing Assets/Solitario/Solitario/carte/numeri carte using Guid(512dfe76187faaf46a55cfeae07539c9) Importer(815301076,1909f56bfc062723c751e8b465ee728b)  -> (artifact id: 'd7eecb55f4ff232040a8e290095eefd7') in 0.007727 seconds
  Import took 0.011020 seconds .

========================================================================
Received Import Request.
  Time since last request: 0.853120 seconds.
  path: Assets/Solitario/Solitario/carte/numeri carte/new
  artifactKey: Guid(9ea713fa7d0918e4eac3b8ed8918fbe2) Importer(815301076,1909f56bfc062723c751e8b465ee728b)
Start importing Assets/Solitario/Solitario/carte/numeri carte/new using Guid(9ea713fa7d0918e4eac3b8ed8918fbe2) Importer(815301076,1909f56bfc062723c751e8b465ee728b)  -> (artifact id: '4a9e6f09e79389db8ab00c4af4e92a22') in 0.008297 seconds
  Import took 0.010481 seconds .

========================================================================
Received Import Request.
  Time since last request: 0.068324 seconds.
  path: Assets/Solitario/Solitario/carte/numeri carte/new/2.png
  artifactKey: Guid(f1414ef4ab9f29244b09fb8623c6e415) Importer(815301076,1909f56bfc062723c751e8b465ee728b)
Start importing Assets/Solitario/Solitario/carte/numeri carte/new/2.png using Guid(f1414ef4ab9f29244b09fb8623c6e415) Importer(815301076,1909f56bfc062723c751e8b465ee728b)  -> (artifact id: '8f18c32c85f3aaa4838146e868e87384') in 0.010781 seconds
  Import took 0.013312 seconds .

========================================================================
Received Import Request.
  Time since last request: 0.000166 seconds.
  path: Assets/Solitario/Solitario/carte/numeri carte/new/10.png
  artifactKey: Guid(ef6447df23d13c743b2550c9d59b24aa) Importer(815301076,1909f56bfc062723c751e8b465ee728b)
Start importing Assets/Solitario/Solitario/carte/numeri carte/new/10.png using Guid(ef6447df23d13c743b2550c9d59b24aa) Importer(815301076,1909f56bfc062723c751e8b465ee728b)  -> (artifact id: 'fb8171d3332a6c0fea59ed77c187e502') in 0.009405 seconds
  Import took 0.012022 seconds .

========================================================================
Received Import Request.
  Time since last request: 0.000188 seconds.
  path: Assets/Solitario/Solitario/carte/numeri carte/new/9.png
  artifactKey: Guid(4fee002e4d8a27447a7744e0a3c99e7a) Importer(815301076,1909f56bfc062723c751e8b465ee728b)
Start importing Assets/Solitario/Solitario/carte/numeri carte/new/9.png using Guid(4fee002e4d8a27447a7744e0a3c99e7a) Importer(815301076,1909f56bfc062723c751e8b465ee728b)  -> (artifact id: '5c46604befcd443905e481d2e440005b') in 0.014652 seconds
  Import took 0.017425 seconds .

========================================================================
Received Import Request.
  Time since last request: 0.000225 seconds.
  path: Assets/Solitario/Solitario/carte/numeri carte/new/7.png
  artifactKey: Guid(b01252c03bddd4c45aef518b3634bf05) Importer(815301076,1909f56bfc062723c751e8b465ee728b)
Start importing Assets/Solitario/Solitario/carte/numeri carte/new/7.png using Guid(b01252c03bddd4c45aef518b3634bf05) Importer(815301076,1909f56bfc062723c751e8b465ee728b)  -> (artifact id: 'b2ad5e8a70c748840aff1142338f41a3') in 0.011634 seconds
  Import took 0.015544 seconds .

========================================================================
Received Import Request.
  Time since last request: 0.000176 seconds.
  path: Assets/Solitario/Solitario/carte/numeri carte/new/4.png
  artifactKey: Guid(a0e2df350cfcafd4990be9e1fadba651) Importer(815301076,1909f56bfc062723c751e8b465ee728b)
Start importing Assets/Solitario/Solitario/carte/numeri carte/new/4.png using Guid(a0e2df350cfcafd4990be9e1fadba651) Importer(815301076,1909f56bfc062723c751e8b465ee728b)  -> (artifact id: 'b04363df9684db40f48dad820e080606') in 0.013478 seconds
  Import took 0.017212 seconds .

========================================================================
Received Import Request.
  Time since last request: 0.000249 seconds.
  path: Assets/Solitario/Solitario/carte/numeri carte/new/5.png
  artifactKey: Guid(4b6d94bd54b68ca4eaa945dcbd8239d9) Importer(815301076,1909f56bfc062723c751e8b465ee728b)
Start importing Assets/Solitario/Solitario/carte/numeri carte/new/5.png using Guid(4b6d94bd54b68ca4eaa945dcbd8239d9) Importer(815301076,1909f56bfc062723c751e8b465ee728b)  -> (artifact id: 'db23ce6586abd1ff9cc19431e9f15233') in 0.014799 seconds
  Import took 0.017912 seconds .

========================================================================
Received Import Request.
  Time since last request: 0.000937 seconds.
  path: Assets/Solitario/Solitario/carte/numeri carte/new/J.png
  artifactKey: Guid(197f8f86ffd6c6345b14ea97966cfa9f) Importer(815301076,1909f56bfc062723c751e8b465ee728b)
Start importing Assets/Solitario/Solitario/carte/numeri carte/new/J.png using Guid(197f8f86ffd6c6345b14ea97966cfa9f) Importer(815301076,1909f56bfc062723c751e8b465ee728b)  -> (artifact id: 'ff89cf71686febb0e4ec8ccc2359c0cf') in 0.016270 seconds
  Import took 0.019248 seconds .

========================================================================
Received Import Request.
  Time since last request: 0.000392 seconds.
  path: Assets/Solitario/Solitario/carte/numeri carte/new/Q.png
  artifactKey: Guid(1d0dfc138ddf59849bb197af91c2c578) Importer(815301076,1909f56bfc062723c751e8b465ee728b)
Start importing Assets/Solitario/Solitario/carte/numeri carte/new/Q.png using Guid(1d0dfc138ddf59849bb197af91c2c578) Importer(815301076,1909f56bfc062723c751e8b465ee728b)  -> (artifact id: '6cba8e87507dc90bf8395cb67b11f4f4') in 0.012931 seconds
  Import took 0.016158 seconds .

========================================================================
Received Import Request.
  Time since last request: 0.000382 seconds.
  path: Assets/Solitario/Solitario/carte/numeri carte/new/8.png
  artifactKey: Guid(067c448d989b006478545a0f4eeea9b4) Importer(815301076,1909f56bfc062723c751e8b465ee728b)
Start importing Assets/Solitario/Solitario/carte/numeri carte/new/8.png using Guid(067c448d989b006478545a0f4eeea9b4) Importer(815301076,1909f56bfc062723c751e8b465ee728b)  -> (artifact id: '1bea04ef3b077a1d0f1f3140ebad4857') in 0.012937 seconds
  Import took 0.015548 seconds .

========================================================================
Received Import Request.
  Time since last request: 0.000158 seconds.
  path: Assets/Solitario/Solitario/carte/numeri carte/new/A.png
  artifactKey: Guid(7d952c9bcde60724d9834e4edcf14f60) Importer(815301076,1909f56bfc062723c751e8b465ee728b)
Start importing Assets/Solitario/Solitario/carte/numeri carte/new/A.png using Guid(7d952c9bcde60724d9834e4edcf14f60) Importer(815301076,1909f56bfc062723c751e8b465ee728b)  -> (artifact id: '3fa3cc68b75febbb041befe855895fd3') in 0.018042 seconds
  Import took 0.022321 seconds .

========================================================================
Received Import Request.
  Time since last request: 0.000390 seconds.
  path: Assets/Solitario/Solitario/carte/numeri carte/new/3.png
  artifactKey: Guid(12c4954d93121c145a419d464d1b8178) Importer(815301076,1909f56bfc062723c751e8b465ee728b)
Start importing Assets/Solitario/Solitario/carte/numeri carte/new/3.png using Guid(12c4954d93121c145a419d464d1b8178) Importer(815301076,1909f56bfc062723c751e8b465ee728b)  -> (artifact id: '150a2316764e2467a745257a686d4ce4') in 0.018915 seconds
  Import took 0.023089 seconds .

========================================================================
Received Import Request.
  Time since last request: 0.000593 seconds.
  path: Assets/Solitario/Solitario/carte/numeri carte/new/6.png
  artifactKey: Guid(c79876e6ed5639f468c8d27c7160eac0) Importer(815301076,1909f56bfc062723c751e8b465ee728b)
Start importing Assets/Solitario/Solitario/carte/numeri carte/new/6.png using Guid(c79876e6ed5639f468c8d27c7160eac0) Importer(815301076,1909f56bfc062723c751e8b465ee728b)  -> (artifact id: '7913228ed652c46e4c57895fd8aae6ea') in 0.012435 seconds
  Import took 0.016431 seconds .

========================================================================
Received Import Request.
  Time since last request: 0.000694 seconds.
  path: Assets/Solitario/Solitario/carte/numeri carte/new/3.png
  artifactKey: Guid(12c4954d93121c145a419d464d1b8178) Importer(815301076,1909f56bfc062723c751e8b465ee728b)
Start importing Assets/Solitario/Solitario/carte/numeri carte/new/3.png using Guid(12c4954d93121c145a419d464d1b8178) Importer(815301076,1909f56bfc062723c751e8b465ee728b)  -> (artifact id: '150a2316764e2467a745257a686d4ce4') in 0.005796 seconds
  Import took 0.009128 seconds .

========================================================================
Received Import Request.
  Time since last request: 0.000159 seconds.
  path: Assets/Solitario/Solitario/carte/numeri carte/new/K.png
  artifactKey: Guid(20ef93f985a93d84a96b26119f703d41) Importer(815301076,1909f56bfc062723c751e8b465ee728b)
Start importing Assets/Solitario/Solitario/carte/numeri carte/new/K.png using Guid(20ef93f985a93d84a96b26119f703d41) Importer(815301076,1909f56bfc062723c751e8b465ee728b)  -> (artifact id: '355f741e8dd532ae66947fe5fb06393d') in 0.013461 seconds
  Import took 0.016064 seconds .

========================================================================
Received Import Request.
  Time since last request: 0.000199 seconds.
  path: Assets/Solitario/Solitario/carte/numeri carte/new/6.png
  artifactKey: Guid(c79876e6ed5639f468c8d27c7160eac0) Importer(815301076,1909f56bfc062723c751e8b465ee728b)
Start importing Assets/Solitario/Solitario/carte/numeri carte/new/6.png using Guid(c79876e6ed5639f468c8d27c7160eac0) Importer(815301076,1909f56bfc062723c751e8b465ee728b)  -> (artifact id: '7913228ed652c46e4c57895fd8aae6ea') in 0.009902 seconds
  Import took 0.013197 seconds .

========================================================================
Received Import Request.
  Time since last request: 0.000141 seconds.
  path: Assets/Solitario/Solitario/carte/numeri carte/new/K.png
  artifactKey: Guid(20ef93f985a93d84a96b26119f703d41) Importer(815301076,1909f56bfc062723c751e8b465ee728b)
Start importing Assets/Solitario/Solitario/carte/numeri carte/new/K.png using Guid(20ef93f985a93d84a96b26119f703d41) Importer(815301076,1909f56bfc062723c751e8b465ee728b)  -> (artifact id: '355f741e8dd532ae66947fe5fb06393d') in 0.008830 seconds
  Import took 0.011983 seconds .

========================================================================
Received Import Request.
  Time since last request: 7.953975 seconds.
  path: Assets/Solitario/Solitario/carte/numeri carte/new/Q.png
  artifactKey: Guid(1d0dfc138ddf59849bb197af91c2c578) Importer(815301076,1909f56bfc062723c751e8b465ee728b)
Start importing Assets/Solitario/Solitario/carte/numeri carte/new/Q.png using Guid(1d0dfc138ddf59849bb197af91c2c578) Importer(815301076,1909f56bfc062723c751e8b465ee728b)  -> (artifact id: 'cc8626bee3784d101b9f8c6b9181f38b') in 0.043207 seconds
  Import took 0.045230 seconds .

========================================================================
Received Import Request.
  Time since last request: 6.172032 seconds.
  path: Assets/Solitario/Solitario/carte/numeri carte/new/9.png
  artifactKey: Guid(4fee002e4d8a27447a7744e0a3c99e7a) Importer(815301076,1909f56bfc062723c751e8b465ee728b)
Start importing Assets/Solitario/Solitario/carte/numeri carte/new/9.png using Guid(4fee002e4d8a27447a7744e0a3c99e7a) Importer(815301076,1909f56bfc062723c751e8b465ee728b)  -> (artifact id: '1c6c2d4f364527412bde0d84351ecc85') in 0.012032 seconds
  Import took 0.014721 seconds .

========================================================================
Received Import Request.
  Time since last request: 0.013927 seconds.
  path: Assets/Solitario/Solitario/carte/numeri carte/new/2.png
  artifactKey: Guid(f1414ef4ab9f29244b09fb8623c6e415) Importer(815301076,1909f56bfc062723c751e8b465ee728b)
Start importing Assets/Solitario/Solitario/carte/numeri carte/new/2.png using Guid(f1414ef4ab9f29244b09fb8623c6e415) Importer(815301076,1909f56bfc062723c751e8b465ee728b)  -> (artifact id: 'd3457b2e472363502cd9a28ac4d565d0') in 0.014480 seconds
  Import took 0.017625 seconds .

========================================================================
Received Import Request.
  Time since last request: 0.000188 seconds.
  path: Assets/Solitario/Solitario/carte/numeri carte/new/10.png
  artifactKey: Guid(ef6447df23d13c743b2550c9d59b24aa) Importer(815301076,1909f56bfc062723c751e8b465ee728b)
Start importing Assets/Solitario/Solitario/carte/numeri carte/new/10.png using Guid(ef6447df23d13c743b2550c9d59b24aa) Importer(815301076,1909f56bfc062723c751e8b465ee728b)  -> (artifact id: '24baec9dcb4d5323351d2cfbf385a70c') in 0.020388 seconds
  Import took 0.022758 seconds .

========================================================================
Received Import Request.
  Time since last request: 0.000141 seconds.
  path: Assets/Solitario/Solitario/carte/numeri carte/new/7.png
  artifactKey: Guid(b01252c03bddd4c45aef518b3634bf05) Importer(815301076,1909f56bfc062723c751e8b465ee728b)
Start importing Assets/Solitario/Solitario/carte/numeri carte/new/7.png using Guid(b01252c03bddd4c45aef518b3634bf05) Importer(815301076,1909f56bfc062723c751e8b465ee728b)  -> (artifact id: '6908fe14e39f6cc3614c5ddf0234fa71') in 0.011963 seconds
  Import took 0.014662 seconds .

========================================================================
Received Import Request.
  Time since last request: 0.000183 seconds.
  path: Assets/Solitario/Solitario/carte/numeri carte/new/4.png
  artifactKey: Guid(a0e2df350cfcafd4990be9e1fadba651) Importer(815301076,1909f56bfc062723c751e8b465ee728b)
Start importing Assets/Solitario/Solitario/carte/numeri carte/new/4.png using Guid(a0e2df350cfcafd4990be9e1fadba651) Importer(815301076,1909f56bfc062723c751e8b465ee728b)  -> (artifact id: '883d2d83fd4d455ce97124cf6b68160d') in 0.012656 seconds
  Import took 0.016302 seconds .

========================================================================
Received Import Request.
  Time since last request: 0.000187 seconds.
  path: Assets/Solitario/Solitario/carte/numeri carte/new/5.png
  artifactKey: Guid(4b6d94bd54b68ca4eaa945dcbd8239d9) Importer(815301076,1909f56bfc062723c751e8b465ee728b)
Start importing Assets/Solitario/Solitario/carte/numeri carte/new/5.png using Guid(4b6d94bd54b68ca4eaa945dcbd8239d9) Importer(815301076,1909f56bfc062723c751e8b465ee728b)  -> (artifact id: '00b35b9577b95d0ec6998100c333baae') in 0.015507 seconds
  Import took 0.018965 seconds .

========================================================================
Received Import Request.
  Time since last request: 0.000200 seconds.
  path: Assets/Solitario/Solitario/carte/numeri carte/new/J.png
  artifactKey: Guid(197f8f86ffd6c6345b14ea97966cfa9f) Importer(815301076,1909f56bfc062723c751e8b465ee728b)
Start importing Assets/Solitario/Solitario/carte/numeri carte/new/J.png using Guid(197f8f86ffd6c6345b14ea97966cfa9f) Importer(815301076,1909f56bfc062723c751e8b465ee728b)  -> (artifact id: '8186569f3d3cd0993a827c05d33987ac') in 0.014475 seconds
  Import took 0.017696 seconds .

========================================================================
Received Import Request.
  Time since last request: 0.000248 seconds.
  path: Assets/Solitario/Solitario/carte/numeri carte/new/8.png
  artifactKey: Guid(067c448d989b006478545a0f4eeea9b4) Importer(815301076,1909f56bfc062723c751e8b465ee728b)
Start importing Assets/Solitario/Solitario/carte/numeri carte/new/8.png using Guid(067c448d989b006478545a0f4eeea9b4) Importer(815301076,1909f56bfc062723c751e8b465ee728b)  -> (artifact id: '1fe9739b54f01d6951dd6addad4b9a42') in 0.012781 seconds
  Import took 0.016291 seconds .

========================================================================
Received Import Request.
  Time since last request: 0.000200 seconds.
  path: Assets/Solitario/Solitario/carte/numeri carte/new/A.png
  artifactKey: Guid(7d952c9bcde60724d9834e4edcf14f60) Importer(815301076,1909f56bfc062723c751e8b465ee728b)
Start importing Assets/Solitario/Solitario/carte/numeri carte/new/A.png using Guid(7d952c9bcde60724d9834e4edcf14f60) Importer(815301076,1909f56bfc062723c751e8b465ee728b)  -> (artifact id: '8e2ee1d0018dd0ef337e608b32967d7b') in 0.010793 seconds
  Import took 0.014666 seconds .

========================================================================
Received Import Request.
  Time since last request: 0.000217 seconds.
  path: Assets/Solitario/Solitario/carte/numeri carte/new/3.png
  artifactKey: Guid(12c4954d93121c145a419d464d1b8178) Importer(815301076,1909f56bfc062723c751e8b465ee728b)
Start importing Assets/Solitario/Solitario/carte/numeri carte/new/3.png using Guid(12c4954d93121c145a419d464d1b8178) Importer(815301076,1909f56bfc062723c751e8b465ee728b)  -> (artifact id: 'd4f8764aeeea2615f783a16571775338') in 0.015606 seconds
  Import took 0.018091 seconds .

========================================================================
Received Import Request.
  Time since last request: 0.000196 seconds.
  path: Assets/Solitario/Solitario/carte/numeri carte/new/6.png
  artifactKey: Guid(c79876e6ed5639f468c8d27c7160eac0) Importer(815301076,1909f56bfc062723c751e8b465ee728b)
Start importing Assets/Solitario/Solitario/carte/numeri carte/new/6.png using Guid(c79876e6ed5639f468c8d27c7160eac0) Importer(815301076,1909f56bfc062723c751e8b465ee728b)  -> (artifact id: '81fedce35305dd584b2be611e43bd90a') in 0.058772 seconds
  Import took 0.060867 seconds .

========================================================================
Received Import Request.
  Time since last request: 0.000133 seconds.
  path: Assets/Solitario/Solitario/carte/numeri carte/new/K.png
  artifactKey: Guid(20ef93f985a93d84a96b26119f703d41) Importer(815301076,1909f56bfc062723c751e8b465ee728b)
Start importing Assets/Solitario/Solitario/carte/numeri carte/new/K.png using Guid(20ef93f985a93d84a96b26119f703d41) Importer(815301076,1909f56bfc062723c751e8b465ee728b)  -> (artifact id: '3c56b4f85489300098a8937b6b5b72d1') in 0.038979 seconds
  Import took 0.041453 seconds .

========================================================================
Received Import Request.
  Time since last request: 8.682999 seconds.
  path: Assets/Solitario/Solitario/carte/figure/rosso/donna.png
  artifactKey: Guid(864d64b94197a9a48ad6cffab37b2df9) Importer(815301076,1909f56bfc062723c751e8b465ee728b)
Start importing Assets/Solitario/Solitario/carte/figure/rosso/donna.png using Guid(864d64b94197a9a48ad6cffab37b2df9) Importer(815301076,1909f56bfc062723c751e8b465ee728b)  -> (artifact id: '683f93c8e57f9ca68883f03da1ccca20') in 0.013297 seconds
  Import took 0.015505 seconds .

========================================================================
Received Import Request.
  Time since last request: 0.000135 seconds.
  path: Assets/Solitario/Solitario/carte/figure/rosso/jack.png
  artifactKey: Guid(f753c10ba5ce20744ada7f187134aed1) Importer(815301076,1909f56bfc062723c751e8b465ee728b)
Start importing Assets/Solitario/Solitario/carte/figure/rosso/jack.png using Guid(f753c10ba5ce20744ada7f187134aed1) Importer(815301076,1909f56bfc062723c751e8b465ee728b)  -> (artifact id: '4b50c9ce5ff74bbb42c4c251b6048094') in 0.016590 seconds
  Import took 0.018723 seconds .

========================================================================
Received Import Request.
  Time since last request: 0.000168 seconds.
  path: Assets/Solitario/Solitario/carte/figure/rosso/jolly.png
  artifactKey: Guid(f9dcc27314f0ac046bef2fd5276ba08d) Importer(815301076,1909f56bfc062723c751e8b465ee728b)
Start importing Assets/Solitario/Solitario/carte/figure/rosso/jolly.png using Guid(f9dcc27314f0ac046bef2fd5276ba08d) Importer(815301076,1909f56bfc062723c751e8b465ee728b)  -> (artifact id: 'ad2740688fac163b259820316b18feb3') in 0.020244 seconds
  Import took 0.023859 seconds .

========================================================================
Received Import Request.
  Time since last request: 0.000184 seconds.
  path: Assets/Solitario/Solitario/carte/figure/rosso/re.png
  artifactKey: Guid(7ae887005bcdeed4b8a837096bd45d79) Importer(815301076,1909f56bfc062723c751e8b465ee728b)
Start importing Assets/Solitario/Solitario/carte/figure/rosso/re.png using Guid(7ae887005bcdeed4b8a837096bd45d79) Importer(815301076,1909f56bfc062723c751e8b465ee728b)  -> (artifact id: '74cccf096132779d9f41944e75cae0bb') in 0.013886 seconds
  Import took 0.016513 seconds .

========================================================================
Received Import Request.
  Time since last request: 0.000218 seconds.
  path: Assets/Solitario/Solitario/carte/figure/rosso/donna.png
  artifactKey: Guid(864d64b94197a9a48ad6cffab37b2df9) Importer(815301076,1909f56bfc062723c751e8b465ee728b)
Start importing Assets/Solitario/Solitario/carte/figure/rosso/donna.png using Guid(864d64b94197a9a48ad6cffab37b2df9) Importer(815301076,1909f56bfc062723c751e8b465ee728b)  -> (artifact id: '683f93c8e57f9ca68883f03da1ccca20') in 0.015913 seconds
  Import took 0.018503 seconds .

========================================================================
Received Import Request.
  Time since last request: 5.816864 seconds.
  path: Assets/Solitario/Solitario/carte/figure/nero/donna.png
  artifactKey: Guid(f6107ff580c3ef64fa2a2a111d99f149) Importer(815301076,1909f56bfc062723c751e8b465ee728b)
Start importing Assets/Solitario/Solitario/carte/figure/nero/donna.png using Guid(f6107ff580c3ef64fa2a2a111d99f149) Importer(815301076,1909f56bfc062723c751e8b465ee728b)  -> (artifact id: '4ca1b29c40e872bb5adcc14c2cc0b747') in 0.013981 seconds
  Import took 0.016154 seconds .

========================================================================
Received Import Request.
  Time since last request: 0.000267 seconds.
  path: Assets/Solitario/Solitario/carte/figure/nero/jolly.png
  artifactKey: Guid(29085cfbcc68b3145ac8f018a66959f5) Importer(815301076,1909f56bfc062723c751e8b465ee728b)
Start importing Assets/Solitario/Solitario/carte/figure/nero/jolly.png using Guid(29085cfbcc68b3145ac8f018a66959f5) Importer(815301076,1909f56bfc062723c751e8b465ee728b)  -> (artifact id: 'd69c7ff8e82d51e9e30b2217965f5eb8') in 0.016161 seconds
  Import took 0.018505 seconds .

========================================================================
Received Import Request.
  Time since last request: 0.000146 seconds.
  path: Assets/Solitario/Solitario/carte/figure/nero/jack.png
  artifactKey: Guid(b5cff781c3108df4d9449b0d13fac4c1) Importer(815301076,1909f56bfc062723c751e8b465ee728b)
Start importing Assets/Solitario/Solitario/carte/figure/nero/jack.png using Guid(b5cff781c3108df4d9449b0d13fac4c1) Importer(815301076,1909f56bfc062723c751e8b465ee728b)  -> (artifact id: 'af940a6a394ba4f00a3cc317bb6d4111') in 0.014050 seconds
  Import took 0.016870 seconds .

========================================================================
Received Import Request.
  Time since last request: 0.000209 seconds.
  path: Assets/Solitario/Solitario/carte/figure/nero/re.png
  artifactKey: Guid(e39cc7f332d5e104ba9c44a59a6cc026) Importer(815301076,1909f56bfc062723c751e8b465ee728b)
Start importing Assets/Solitario/Solitario/carte/figure/nero/re.png using Guid(e39cc7f332d5e104ba9c44a59a6cc026) Importer(815301076,1909f56bfc062723c751e8b465ee728b)  -> (artifact id: '46ad546a41a3f04fa0b241a14a64fa94') in 0.015679 seconds
  Import took 0.018526 seconds .

========================================================================
Received Import Request.
  Time since last request: 0.000259 seconds.
  path: Assets/Solitario/Solitario/carte/figure/nero/jack.png
  artifactKey: Guid(b5cff781c3108df4d9449b0d13fac4c1) Importer(815301076,1909f56bfc062723c751e8b465ee728b)
Start importing Assets/Solitario/Solitario/carte/figure/nero/jack.png using Guid(b5cff781c3108df4d9449b0d13fac4c1) Importer(815301076,1909f56bfc062723c751e8b465ee728b)  -> (artifact id: 'af940a6a394ba4f00a3cc317bb6d4111') in 0.020390 seconds
  Import took 0.022752 seconds .

========================================================================
Received Import Request.
  Time since last request: 0.000230 seconds.
  path: Assets/Solitario/Solitario/carte/figure/nero/re.png
  artifactKey: Guid(e39cc7f332d5e104ba9c44a59a6cc026) Importer(815301076,1909f56bfc062723c751e8b465ee728b)
Start importing Assets/Solitario/Solitario/carte/figure/nero/re.png using Guid(e39cc7f332d5e104ba9c44a59a6cc026) Importer(815301076,1909f56bfc062723c751e8b465ee728b)  -> (artifact id: '46ad546a41a3f04fa0b241a14a64fa94') in 0.017344 seconds
  Import took 0.020297 seconds .

========================================================================
Received Import Request.
  Time since last request: 8.141936 seconds.
  path: Assets/Solitario/Solitario/carte/semi
  artifactKey: Guid(1ceeb521644fda44f99495174c7177b3) Importer(815301076,1909f56bfc062723c751e8b465ee728b)
Start importing Assets/Solitario/Solitario/carte/semi using Guid(1ceeb521644fda44f99495174c7177b3) Importer(815301076,1909f56bfc062723c751e8b465ee728b)  -> (artifact id: 'c5c829b914a4576aab0321db05209ac9') in 0.008002 seconds
  Import took 0.011231 seconds .

========================================================================
Received Import Request.
  Time since last request: 0.837004 seconds.
  path: Assets/Solitario/Solitario/carte/semi/new
  artifactKey: Guid(3bd3588881f6446429b97d67a1840b48) Importer(815301076,1909f56bfc062723c751e8b465ee728b)
Start importing Assets/Solitario/Solitario/carte/semi/new using Guid(3bd3588881f6446429b97d67a1840b48) Importer(815301076,1909f56bfc062723c751e8b465ee728b)  -> (artifact id: '1157c035aeda2cb82393ab97164e0c3f') in 0.002420 seconds
  Import took 0.005169 seconds .

========================================================================
Received Import Request.
  Time since last request: 0.111525 seconds.
  path: Assets/Solitario/Solitario/carte/semi/new/cuori.png
  artifactKey: Guid(64739a6729ee55a4882ca01ff7f834ec) Importer(815301076,1909f56bfc062723c751e8b465ee728b)
Start importing Assets/Solitario/Solitario/carte/semi/new/cuori.png using Guid(64739a6729ee55a4882ca01ff7f834ec) Importer(815301076,1909f56bfc062723c751e8b465ee728b)  -> (artifact id: 'd03c5c464a37fa061262b5f378f82295') in 0.010021 seconds
  Import took 0.012215 seconds .

========================================================================
Received Import Request.
  Time since last request: 0.000151 seconds.
  path: Assets/Solitario/Solitario/carte/semi/new/picche.png
  artifactKey: Guid(d3fb6a174c43b78468f5eb2c4fe88e05) Importer(815301076,1909f56bfc062723c751e8b465ee728b)
Start importing Assets/Solitario/Solitario/carte/semi/new/picche.png using Guid(d3fb6a174c43b78468f5eb2c4fe88e05) Importer(815301076,1909f56bfc062723c751e8b465ee728b)  -> (artifact id: '909c4b5d34edafac4b2c1ccbd74c5a9c') in 0.017125 seconds
  Import took 0.019660 seconds .

========================================================================
Received Import Request.
  Time since last request: 0.000508 seconds.
  path: Assets/Solitario/Solitario/carte/semi/new/jolly_nero.png
  artifactKey: Guid(13c83b9e0648fe34585bbaea03555296) Importer(815301076,1909f56bfc062723c751e8b465ee728b)
Start importing Assets/Solitario/Solitario/carte/semi/new/jolly_nero.png using Guid(13c83b9e0648fe34585bbaea03555296) Importer(815301076,1909f56bfc062723c751e8b465ee728b)  -> (artifact id: '83f6023ddb3196c73711b6011b03f380') in 0.013467 seconds
  Import took 0.017463 seconds .

========================================================================
Received Import Request.
  Time since last request: 0.000383 seconds.
  path: Assets/Solitario/Solitario/carte/semi/new/fiori.png
  artifactKey: Guid(5d4681f76f0608d47805b56e092ef830) Importer(815301076,1909f56bfc062723c751e8b465ee728b)
Start importing Assets/Solitario/Solitario/carte/semi/new/fiori.png using Guid(5d4681f76f0608d47805b56e092ef830) Importer(815301076,1909f56bfc062723c751e8b465ee728b)  -> (artifact id: '4b06aa035a8360c226653aaf8edcf92d') in 0.014356 seconds
  Import took 0.019447 seconds .

========================================================================
Received Import Request.
  Time since last request: 0.000290 seconds.
  path: Assets/Solitario/Solitario/carte/semi/new/jolly_rosso.png
  artifactKey: Guid(ba260904ca080c0458d40d4bc04bbcac) Importer(815301076,1909f56bfc062723c751e8b465ee728b)
Start importing Assets/Solitario/Solitario/carte/semi/new/jolly_rosso.png using Guid(ba260904ca080c0458d40d4bc04bbcac) Importer(815301076,1909f56bfc062723c751e8b465ee728b)  -> (artifact id: '9839ba0f3da995df75e7e362affd827b') in 0.015818 seconds
  Import took 0.018700 seconds .

========================================================================
Received Import Request.
  Time since last request: 0.000317 seconds.
  path: Assets/Solitario/Solitario/carte/semi/new/quadri.png
  artifactKey: Guid(5c6b2e1d054ea994ca8df06432518ed5) Importer(815301076,1909f56bfc062723c751e8b465ee728b)
Start importing Assets/Solitario/Solitario/carte/semi/new/quadri.png using Guid(5c6b2e1d054ea994ca8df06432518ed5) Importer(815301076,1909f56bfc062723c751e8b465ee728b)  -> (artifact id: '7bed9ace4650b2512fc19de287b80b94') in 0.014624 seconds
  Import took 0.018690 seconds .

========================================================================
Received Import Request.
  Time since last request: 2.988772 seconds.
  path: Assets/Solitario/Solitario/carte/semi/new/cuori.png
  artifactKey: Guid(64739a6729ee55a4882ca01ff7f834ec) Importer(815301076,1909f56bfc062723c751e8b465ee728b)
Start importing Assets/Solitario/Solitario/carte/semi/new/cuori.png using Guid(64739a6729ee55a4882ca01ff7f834ec) Importer(815301076,1909f56bfc062723c751e8b465ee728b)  -> (artifact id: 'a8f2efc8a6e2c3f11e3812416ba5dd46') in 0.020702 seconds
  Import took 0.024616 seconds .

========================================================================
Received Import Request.
  Time since last request: 0.000225 seconds.
  path: Assets/Solitario/Solitario/carte/semi/new/picche.png
  artifactKey: Guid(d3fb6a174c43b78468f5eb2c4fe88e05) Importer(815301076,1909f56bfc062723c751e8b465ee728b)
Start importing Assets/Solitario/Solitario/carte/semi/new/picche.png using Guid(d3fb6a174c43b78468f5eb2c4fe88e05) Importer(815301076,1909f56bfc062723c751e8b465ee728b)  -> (artifact id: '81ef0d53b7c36d2e0628e4efce985362') in 0.014461 seconds
  Import took 0.017256 seconds .

========================================================================
Received Import Request.
  Time since last request: 0.000265 seconds.
  path: Assets/Solitario/Solitario/carte/semi/new/jolly_nero.png
  artifactKey: Guid(13c83b9e0648fe34585bbaea03555296) Importer(815301076,1909f56bfc062723c751e8b465ee728b)
Start importing Assets/Solitario/Solitario/carte/semi/new/jolly_nero.png using Guid(13c83b9e0648fe34585bbaea03555296) Importer(815301076,1909f56bfc062723c751e8b465ee728b)  -> (artifact id: '161a435766eb8f6b8e3d7547812b0bff') in 0.013069 seconds
  Import took 0.015808 seconds .

========================================================================
Received Import Request.
  Time since last request: 0.000278 seconds.
  path: Assets/Solitario/Solitario/carte/semi/new/fiori.png
  artifactKey: Guid(5d4681f76f0608d47805b56e092ef830) Importer(815301076,1909f56bfc062723c751e8b465ee728b)
Start importing Assets/Solitario/Solitario/carte/semi/new/fiori.png using Guid(5d4681f76f0608d47805b56e092ef830) Importer(815301076,1909f56bfc062723c751e8b465ee728b)  -> (artifact id: 'b85cde6770e16f8945fcab7bc1173224') in 0.019913 seconds
  Import took 0.022891 seconds .

========================================================================
Received Import Request.
  Time since last request: 0.000187 seconds.
  path: Assets/Solitario/Solitario/carte/semi/new/jolly_rosso.png
  artifactKey: Guid(ba260904ca080c0458d40d4bc04bbcac) Importer(815301076,1909f56bfc062723c751e8b465ee728b)
Start importing Assets/Solitario/Solitario/carte/semi/new/jolly_rosso.png using Guid(ba260904ca080c0458d40d4bc04bbcac) Importer(815301076,1909f56bfc062723c751e8b465ee728b)  -> (artifact id: 'f700f419c4c4f7ae84c1bdcbfce1e6c2') in 0.019046 seconds
  Import took 0.021212 seconds .

========================================================================
Received Import Request.
  Time since last request: 0.000391 seconds.
  path: Assets/Solitario/Solitario/carte/semi/new/quadri.png
  artifactKey: Guid(5c6b2e1d054ea994ca8df06432518ed5) Importer(815301076,1909f56bfc062723c751e8b465ee728b)
Start importing Assets/Solitario/Solitario/carte/semi/new/quadri.png using Guid(5c6b2e1d054ea994ca8df06432518ed5) Importer(815301076,1909f56bfc062723c751e8b465ee728b)  -> (artifact id: '5aae9e09b115d63926fa551ccc060207') in 0.016907 seconds
  Import took 0.019514 seconds .

========================================================================
Received Import Request.
  Time since last request: 0.000146 seconds.
  path: Assets/Solitario/Solitario/carte/semi/new/cuori.png
  artifactKey: Guid(64739a6729ee55a4882ca01ff7f834ec) Importer(815301076,1909f56bfc062723c751e8b465ee728b)
Start importing Assets/Solitario/Solitario/carte/semi/new/cuori.png using Guid(64739a6729ee55a4882ca01ff7f834ec) Importer(815301076,1909f56bfc062723c751e8b465ee728b)  -> (artifact id: 'a8f2efc8a6e2c3f11e3812416ba5dd46') in 0.009859 seconds
  Import took 0.013053 seconds .

========================================================================
Received Import Request.
  Time since last request: 104.022961 seconds.
  path: Assets/Solitario/Solitario/opzioni/barra-opzioni.png
  artifactKey: Guid(00f9a2880d80c0f4ba891f0f79a00d87) Importer(815301076,1909f56bfc062723c751e8b465ee728b)
Start importing Assets/Solitario/Solitario/opzioni/barra-opzioni.png using Guid(00f9a2880d80c0f4ba891f0f79a00d87) Importer(815301076,1909f56bfc062723c751e8b465ee728b)  -> (artifact id: 'd6a5c1c8269dfc7acec2c2648cce40cb') in 0.008740 seconds
  Import took 0.011015 seconds .

========================================================================
Received Import Request.
  Time since last request: 1.339782 seconds.
  path: Assets/Solitario/Solitario/opzioni/bottoni
  artifactKey: Guid(644bec1023d80534187e79f718ada0a7) Importer(815301076,1909f56bfc062723c751e8b465ee728b)
Start importing Assets/Solitario/Solitario/opzioni/bottoni using Guid(644bec1023d80534187e79f718ada0a7) Importer(815301076,1909f56bfc062723c751e8b465ee728b)  -> (artifact id: '51d2b1fbb6a08e9d7312318a28f91492') in 0.007724 seconds
  Import took 0.010574 seconds .

========================================================================
Received Import Request.
  Time since last request: 0.082317 seconds.
  path: Assets/Solitario/Solitario/opzioni/bottoni/bottone-rettangolo.png
  artifactKey: Guid(400d09b24d8a25d409c16a8dbf9b4213) Importer(815301076,1909f56bfc062723c751e8b465ee728b)
Start importing Assets/Solitario/Solitario/opzioni/bottoni/bottone-rettangolo.png using Guid(400d09b24d8a25d409c16a8dbf9b4213) Importer(815301076,1909f56bfc062723c751e8b465ee728b)  -> (artifact id: '3e88dbae12c1f8026568ce672be9d9b0') in 0.008832 seconds
  Import took 0.010870 seconds .

========================================================================
Received Import Request.
  Time since last request: 0.000116 seconds.
  path: Assets/Solitario/Solitario/opzioni/bottoni/bottone-rotondo.png
  artifactKey: Guid(f35f6d03952443241ac035899d26d898) Importer(815301076,1909f56bfc062723c751e8b465ee728b)
Start importing Assets/Solitario/Solitario/opzioni/bottoni/bottone-rotondo.png using Guid(f35f6d03952443241ac035899d26d898) Importer(815301076,1909f56bfc062723c751e8b465ee728b)  -> (artifact id: '7d1745fda61c6a478b57aaa85c2cad93') in 0.012152 seconds
  Import took 0.014208 seconds .

========================================================================
Received Import Request.
  Time since last request: 1.397639 seconds.
  path: Assets/Solitario/Solitario/opzioni/bottoni/RGB bottone esterno.rtf
  artifactKey: Guid(e608315e470193041b2e720b12865480) Importer(815301076,1909f56bfc062723c751e8b465ee728b)
Start importing Assets/Solitario/Solitario/opzioni/bottoni/RGB bottone esterno.rtf using Guid(e608315e470193041b2e720b12865480) Importer(815301076,1909f56bfc062723c751e8b465ee728b)  -> (artifact id: 'eb8376d45f9eb214e285dfae0ae71acc') in 0.011121 seconds
  Import took 0.013460 seconds .

========================================================================
Received Import Request.
  Time since last request: 6.078764 seconds.
  path: Assets/Solitario/Solitario/opzioni/bottoni/RGB bottone.rtf
  artifactKey: Guid(f3c7887e4ce4b0240910d8cc056a88e3) Importer(815301076,1909f56bfc062723c751e8b465ee728b)
Start importing Assets/Solitario/Solitario/opzioni/bottoni/RGB bottone.rtf using Guid(f3c7887e4ce4b0240910d8cc056a88e3) Importer(815301076,1909f56bfc062723c751e8b465ee728b)  -> (artifact id: '9d649c9e5a9094d3d3d60a454a339343') in 0.007869 seconds
  Import took 0.010838 seconds .

========================================================================
Received Import Request.
  Time since last request: 11.170784 seconds.
  path: Assets/Solitario/Solitario/opzioni/bottoni/bottone-rettangolo.png
  artifactKey: Guid(400d09b24d8a25d409c16a8dbf9b4213) Importer(815301076,1909f56bfc062723c751e8b465ee728b)
Start importing Assets/Solitario/Solitario/opzioni/bottoni/bottone-rettangolo.png using Guid(400d09b24d8a25d409c16a8dbf9b4213) Importer(815301076,1909f56bfc062723c751e8b465ee728b)  -> (artifact id: 'd53164bdd9241ec92035c5762fccc712') in 0.012233 seconds
  Import took 0.014632 seconds .

========================================================================
Received Import Request.
  Time since last request: 0.000132 seconds.
  path: Assets/Solitario/Solitario/opzioni/bottoni/bottone-rotondo.png
  artifactKey: Guid(f35f6d03952443241ac035899d26d898) Importer(815301076,1909f56bfc062723c751e8b465ee728b)
Start importing Assets/Solitario/Solitario/opzioni/bottoni/bottone-rotondo.png using Guid(f35f6d03952443241ac035899d26d898) Importer(815301076,1909f56bfc062723c751e8b465ee728b)  -> (artifact id: '15c9d63d3d7cede7cb5e495b09889a3a') in 0.018904 seconds
  Import took 0.021356 seconds .

========================================================================
Received Import Request.
  Time since last request: 2.436496 seconds.
  path: Assets/Solitario/Solitario/opzioni/icone/apri-opzioni.png
  artifactKey: Guid(9a204cf659a21cf4692b9d687facdfbb) Importer(815301076,1909f56bfc062723c751e8b465ee728b)
Start importing Assets/Solitario/Solitario/opzioni/icone/apri-opzioni.png using Guid(9a204cf659a21cf4692b9d687facdfbb) Importer(815301076,1909f56bfc062723c751e8b465ee728b)  -> (artifact id: '47bce90f3ab631670b0d53b944a40086') in 0.009988 seconds
  Import took 0.012007 seconds .

========================================================================
Received Import Request.
  Time since last request: 0.000200 seconds.
  path: Assets/Solitario/Solitario/opzioni/icone/opzioni.png
  artifactKey: Guid(a7a3527cb949c074588e1bbcf49cb914) Importer(815301076,1909f56bfc062723c751e8b465ee728b)
Start importing Assets/Solitario/Solitario/opzioni/icone/opzioni.png using Guid(a7a3527cb949c074588e1bbcf49cb914) Importer(815301076,1909f56bfc062723c751e8b465ee728b)  -> (artifact id: '6735d6238a01c4655e5dd12f3f69b828') in 0.010057 seconds
  Import took 0.012252 seconds .

========================================================================
Received Import Request.
  Time since last request: 0.000126 seconds.
  path: Assets/Solitario/Solitario/opzioni/icone/undo.png
  artifactKey: Guid(aae8e3adbba2e4940854d962d66fd5e5) Importer(815301076,1909f56bfc062723c751e8b465ee728b)
Start importing Assets/Solitario/Solitario/opzioni/icone/undo.png using Guid(aae8e3adbba2e4940854d962d66fd5e5) Importer(815301076,1909f56bfc062723c751e8b465ee728b)  -> (artifact id: '99dbb36e2d04324576448d876c6d59cc') in 0.016880 seconds
  Import took 0.021687 seconds .

========================================================================
Received Import Request.
  Time since last request: 0.000377 seconds.
  path: Assets/Solitario/Solitario/opzioni/icone/mazzo2.png
  artifactKey: Guid(2f60a98f7e2e8a74a90f26939e4a6875) Importer(815301076,1909f56bfc062723c751e8b465ee728b)
Start importing Assets/Solitario/Solitario/opzioni/icone/mazzo2.png using Guid(2f60a98f7e2e8a74a90f26939e4a6875) Importer(815301076,1909f56bfc062723c751e8b465ee728b)  -> (artifact id: 'e8d6b6b9afaa9000cd25e5ae336cf945') in 0.024532 seconds
  Import took 0.028834 seconds .

========================================================================
Received Import Request.
  Time since last request: 0.001198 seconds.
  path: Assets/Solitario/Solitario/opzioni/icone/hints.png
  artifactKey: Guid(a86932389fedce5448d0fa20a12bfc8d) Importer(815301076,1909f56bfc062723c751e8b465ee728b)
Start importing Assets/Solitario/Solitario/opzioni/icone/hints.png using Guid(a86932389fedce5448d0fa20a12bfc8d) Importer(815301076,1909f56bfc062723c751e8b465ee728b)  -> (artifact id: '3914c1a9d3766f19457ac478b5f397c6') in 0.025607 seconds
  Import took 0.031083 seconds .

========================================================================
Received Import Request.
  Time since last request: 0.000235 seconds.
  path: Assets/Solitario/Solitario/opzioni/icone/mazzo1.png
  artifactKey: Guid(a7459d4905b99eb4cb23cacff57a745f) Importer(815301076,1909f56bfc062723c751e8b465ee728b)
Start importing Assets/Solitario/Solitario/opzioni/icone/mazzo1.png using Guid(a7459d4905b99eb4cb23cacff57a745f) Importer(815301076,1909f56bfc062723c751e8b465ee728b)  -> (artifact id: '6731ff299f6a524618ba27153cb3cf52') in 0.021898 seconds
  Import took 0.028907 seconds .

========================================================================
Received Import Request.
  Time since last request: 0.000441 seconds.
  path: Assets/Solitario/Solitario/opzioni/icone/podio.png
  artifactKey: Guid(a132802423e2b014186d055fdfcd330a) Importer(815301076,1909f56bfc062723c751e8b465ee728b)
Start importing Assets/Solitario/Solitario/opzioni/icone/podio.png using Guid(a132802423e2b014186d055fdfcd330a) Importer(815301076,1909f56bfc062723c751e8b465ee728b)  -> (artifact id: '5ed16fc0d6f78b4144f2753e4b818481') in 0.017678 seconds
  Import took 0.024601 seconds .

========================================================================
Received Import Request.
  Time since last request: 0.000462 seconds.
  path: Assets/Solitario/Solitario/opzioni/icone/stella.png
  artifactKey: Guid(89eadf963e4f4624b9e9772b144d204d) Importer(815301076,1909f56bfc062723c751e8b465ee728b)
Start importing Assets/Solitario/Solitario/opzioni/icone/stella.png using Guid(89eadf963e4f4624b9e9772b144d204d) Importer(815301076,1909f56bfc062723c751e8b465ee728b)  -> (artifact id: '8a58eb89416dbca58bd5935bdea213bf') in 0.017633 seconds
  Import took 0.023727 seconds .

========================================================================
Received Import Request.
  Time since last request: 0.000165 seconds.
  path: Assets/Solitario/Solitario/opzioni/icone/home.png
  artifactKey: Guid(30a5eb68ecd7dc44ebf4dad205416889) Importer(815301076,1909f56bfc062723c751e8b465ee728b)
Start importing Assets/Solitario/Solitario/opzioni/icone/home.png using Guid(30a5eb68ecd7dc44ebf4dad205416889) Importer(815301076,1909f56bfc062723c751e8b465ee728b)  -> (artifact id: '6bb07d61f60cb5748a1a2b6af0f9c693') in 0.022584 seconds
  Import took 0.026391 seconds .

========================================================================
Received Import Request.
  Time since last request: 0.000462 seconds.
  path: Assets/Solitario/Solitario/opzioni/icone/nuova-partita.png
  artifactKey: Guid(5d3678a630d370646bd4bd063f536a2f) Importer(815301076,1909f56bfc062723c751e8b465ee728b)
Start importing Assets/Solitario/Solitario/opzioni/icone/nuova-partita.png using Guid(5d3678a630d370646bd4bd063f536a2f) Importer(815301076,1909f56bfc062723c751e8b465ee728b)  -> (artifact id: '36c0e76fa93230dbc45254507da289a0') in 0.019713 seconds
  Import took 0.024420 seconds .

========================================================================
Received Import Request.
  Time since last request: 0.000258 seconds.
  path: Assets/Solitario/Solitario/opzioni/icone/dollaro.png
  artifactKey: Guid(bf446de10d848e6409eacfaff768db41) Importer(815301076,1909f56bfc062723c751e8b465ee728b)
Start importing Assets/Solitario/Solitario/opzioni/icone/dollaro.png using Guid(bf446de10d848e6409eacfaff768db41) Importer(815301076,1909f56bfc062723c751e8b465ee728b)  -> (artifact id: '8bcd0472c0fcd82d4b31e98d0a728389') in 0.017254 seconds
  Import took 0.021821 seconds .

========================================================================
Received Import Request.
  Time since last request: 0.000151 seconds.
  path: Assets/Solitario/Solitario/opzioni/icone/classifica.png
  artifactKey: Guid(b4290fbd5490efb41b14b793960caf77) Importer(815301076,1909f56bfc062723c751e8b465ee728b)
Start importing Assets/Solitario/Solitario/opzioni/icone/classifica.png using Guid(b4290fbd5490efb41b14b793960caf77) Importer(815301076,1909f56bfc062723c751e8b465ee728b)  -> (artifact id: '8f4b0b1dc94b1367f1ee37e720e26fad') in 0.013319 seconds
  Import took 0.016047 seconds .

========================================================================
Received Import Request.
  Time since last request: 3.379300 seconds.
  path: Assets/Solitario/Solitario/opzioni/icone/opzioni.png
  artifactKey: Guid(a7a3527cb949c074588e1bbcf49cb914) Importer(815301076,1909f56bfc062723c751e8b465ee728b)
Start importing Assets/Solitario/Solitario/opzioni/icone/opzioni.png using Guid(a7a3527cb949c074588e1bbcf49cb914) Importer(815301076,1909f56bfc062723c751e8b465ee728b)  -> (artifact id: 'b74de466da31895850e038b1f197255b') in 0.009810 seconds
  Import took 0.012004 seconds .

========================================================================
Received Import Request.
  Time since last request: 0.010989 seconds.
  path: Assets/Solitario/Solitario/opzioni/icone/apri-opzioni.png
  artifactKey: Guid(9a204cf659a21cf4692b9d687facdfbb) Importer(815301076,1909f56bfc062723c751e8b465ee728b)
Start importing Assets/Solitario/Solitario/opzioni/icone/apri-opzioni.png using Guid(9a204cf659a21cf4692b9d687facdfbb) Importer(815301076,1909f56bfc062723c751e8b465ee728b)  -> (artifact id: '73d57cea56105abfef5d72cb18f1e2b4') in 0.012438 seconds
  Import took 0.015224 seconds .

========================================================================
Received Import Request.
  Time since last request: 0.000140 seconds.
  path: Assets/Solitario/Solitario/opzioni/icone/undo.png
  artifactKey: Guid(aae8e3adbba2e4940854d962d66fd5e5) Importer(815301076,1909f56bfc062723c751e8b465ee728b)
Start importing Assets/Solitario/Solitario/opzioni/icone/undo.png using Guid(aae8e3adbba2e4940854d962d66fd5e5) Importer(815301076,1909f56bfc062723c751e8b465ee728b)  -> (artifact id: '08fd1fefe8ddb7f0c149c4c71340207d') in 0.014759 seconds
  Import took 0.017119 seconds .

========================================================================
Received Import Request.
  Time since last request: 0.000140 seconds.
  path: Assets/Solitario/Solitario/opzioni/icone/mazzo2.png
  artifactKey: Guid(2f60a98f7e2e8a74a90f26939e4a6875) Importer(815301076,1909f56bfc062723c751e8b465ee728b)
Start importing Assets/Solitario/Solitario/opzioni/icone/mazzo2.png using Guid(2f60a98f7e2e8a74a90f26939e4a6875) Importer(815301076,1909f56bfc062723c751e8b465ee728b)  -> (artifact id: 'e9f5d5285c3d9a4fe7fef8b0fbc3958f') in 0.013607 seconds
  Import took 0.016346 seconds .

========================================================================
Received Import Request.
  Time since last request: 0.000244 seconds.
  path: Assets/Solitario/Solitario/opzioni/icone/hints.png
  artifactKey: Guid(a86932389fedce5448d0fa20a12bfc8d) Importer(815301076,1909f56bfc062723c751e8b465ee728b)
Start importing Assets/Solitario/Solitario/opzioni/icone/hints.png using Guid(a86932389fedce5448d0fa20a12bfc8d) Importer(815301076,1909f56bfc062723c751e8b465ee728b)  -> (artifact id: 'c8552d5bc545a2916a8f442d781f58d2') in 0.013368 seconds
  Import took 0.016514 seconds .

========================================================================
Received Import Request.
  Time since last request: 0.000133 seconds.
  path: Assets/Solitario/Solitario/opzioni/icone/mazzo1.png
  artifactKey: Guid(a7459d4905b99eb4cb23cacff57a745f) Importer(815301076,1909f56bfc062723c751e8b465ee728b)
Start importing Assets/Solitario/Solitario/opzioni/icone/mazzo1.png using Guid(a7459d4905b99eb4cb23cacff57a745f) Importer(815301076,1909f56bfc062723c751e8b465ee728b)  -> (artifact id: 'dfa29af91ec32cdf6c3be0524910729c') in 0.018174 seconds
  Import took 0.021256 seconds .

========================================================================
Received Import Request.
  Time since last request: 0.000345 seconds.
  path: Assets/Solitario/Solitario/opzioni/icone/podio.png
  artifactKey: Guid(a132802423e2b014186d055fdfcd330a) Importer(815301076,1909f56bfc062723c751e8b465ee728b)
Start importing Assets/Solitario/Solitario/opzioni/icone/podio.png using Guid(a132802423e2b014186d055fdfcd330a) Importer(815301076,1909f56bfc062723c751e8b465ee728b)  -> (artifact id: 'bbdc576e5fc48f72dfbc405e6ad32e4c') in 0.018185 seconds
  Import took 0.020710 seconds .

========================================================================
Received Import Request.
  Time since last request: 0.000141 seconds.
  path: Assets/Solitario/Solitario/opzioni/icone/stella.png
  artifactKey: Guid(89eadf963e4f4624b9e9772b144d204d) Importer(815301076,1909f56bfc062723c751e8b465ee728b)
Start importing Assets/Solitario/Solitario/opzioni/icone/stella.png using Guid(89eadf963e4f4624b9e9772b144d204d) Importer(815301076,1909f56bfc062723c751e8b465ee728b)  -> (artifact id: '8c837551eb4bce537e834e09f4571f10') in 0.012675 seconds
  Import took 0.014820 seconds .

========================================================================
Received Import Request.
  Time since last request: 0.000134 seconds.
  path: Assets/Solitario/Solitario/opzioni/icone/home.png
  artifactKey: Guid(30a5eb68ecd7dc44ebf4dad205416889) Importer(815301076,1909f56bfc062723c751e8b465ee728b)
Start importing Assets/Solitario/Solitario/opzioni/icone/home.png using Guid(30a5eb68ecd7dc44ebf4dad205416889) Importer(815301076,1909f56bfc062723c751e8b465ee728b)  -> (artifact id: 'bc96b92170f5cf449fa1c065d487b135') in 0.014254 seconds
  Import took 0.016511 seconds .

========================================================================
Received Import Request.
  Time since last request: 0.000300 seconds.
  path: Assets/Solitario/Solitario/opzioni/icone/nuova-partita.png
  artifactKey: Guid(5d3678a630d370646bd4bd063f536a2f) Importer(815301076,1909f56bfc062723c751e8b465ee728b)
Start importing Assets/Solitario/Solitario/opzioni/icone/nuova-partita.png using Guid(5d3678a630d370646bd4bd063f536a2f) Importer(815301076,1909f56bfc062723c751e8b465ee728b)  -> (artifact id: '4076868f3f130a1acc8b20540a048c64') in 0.019257 seconds
  Import took 0.021506 seconds .

========================================================================
Received Import Request.
  Time since last request: 0.000183 seconds.
  path: Assets/Solitario/Solitario/opzioni/icone/dollaro.png
  artifactKey: Guid(bf446de10d848e6409eacfaff768db41) Importer(815301076,1909f56bfc062723c751e8b465ee728b)
Start importing Assets/Solitario/Solitario/opzioni/icone/dollaro.png using Guid(bf446de10d848e6409eacfaff768db41) Importer(815301076,1909f56bfc062723c751e8b465ee728b)  -> (artifact id: 'cd615b744ca226f5155d5ef7d3805a3a') in 0.014950 seconds
  Import took 0.017196 seconds .

========================================================================
Received Import Request.
  Time since last request: 0.000121 seconds.
  path: Assets/Solitario/Solitario/opzioni/icone/classifica.png
  artifactKey: Guid(b4290fbd5490efb41b14b793960caf77) Importer(815301076,1909f56bfc062723c751e8b465ee728b)
Start importing Assets/Solitario/Solitario/opzioni/icone/classifica.png using Guid(b4290fbd5490efb41b14b793960caf77) Importer(815301076,1909f56bfc062723c751e8b465ee728b)  -> (artifact id: '5bcb2fd74ad359fe9a096be4a229117f') in 0.011890 seconds
  Import took 0.014184 seconds .

========================================================================
Received Import Request.
  Time since last request: 3.885466 seconds.
  path: Assets/Solitario/Solitario/opzioni/pop-up/esempio.png
  artifactKey: Guid(a03ac65dd5844104099ae31ca77ed0b3) Importer(815301076,1909f56bfc062723c751e8b465ee728b)
Start importing Assets/Solitario/Solitario/opzioni/pop-up/esempio.png using Guid(a03ac65dd5844104099ae31ca77ed0b3) Importer(815301076,1909f56bfc062723c751e8b465ee728b)  -> (artifact id: '179acf8dc294fb6e4c6e90f8cbf626f5') in 0.010372 seconds
  Import took 0.012862 seconds .

========================================================================
Received Import Request.
  Time since last request: 0.000173 seconds.
  path: Assets/Solitario/Solitario/opzioni/pop-up/scelta-opzioni.png
  artifactKey: Guid(0541569d116f8b64b98c66fe5c99bdce) Importer(815301076,1909f56bfc062723c751e8b465ee728b)
Start importing Assets/Solitario/Solitario/opzioni/pop-up/scelta-opzioni.png using Guid(0541569d116f8b64b98c66fe5c99bdce) Importer(815301076,1909f56bfc062723c751e8b465ee728b)  -> (artifact id: 'a6bc813d0f2e21c8d5f626f4422b675b') in 0.008580 seconds
  Import took 0.010579 seconds .

========================================================================
Received Import Request.
  Time since last request: 0.000142 seconds.
  path: Assets/Solitario/Solitario/opzioni/pop-up/fondo-scuro.png
  artifactKey: Guid(2eee34cd62b7ef84cb55485e445bba78) Importer(815301076,1909f56bfc062723c751e8b465ee728b)
Start importing Assets/Solitario/Solitario/opzioni/pop-up/fondo-scuro.png using Guid(2eee34cd62b7ef84cb55485e445bba78) Importer(815301076,1909f56bfc062723c751e8b465ee728b)  -> (artifact id: 'e07e26b33f71d8e8c5e7fbeb56255de6') in 0.012483 seconds
  Import took 0.015159 seconds .

========================================================================
Received Import Request.
  Time since last request: 0.000136 seconds.
  path: Assets/Solitario/Solitario/opzioni/pop-up/X esc.png
  artifactKey: Guid(f231f2b727b36d440b481793af1976b7) Importer(815301076,1909f56bfc062723c751e8b465ee728b)
Start importing Assets/Solitario/Solitario/opzioni/pop-up/X esc.png using Guid(f231f2b727b36d440b481793af1976b7) Importer(815301076,1909f56bfc062723c751e8b465ee728b)  -> (artifact id: 'ceb9a936517a006f3fb56781319dea6c') in 0.013427 seconds
  Import took 0.016479 seconds .

========================================================================
Received Import Request.
  Time since last request: 0.000158 seconds.
  path: Assets/Solitario/Solitario/opzioni/pop-up/fondo-opzioni.png
  artifactKey: Guid(7f10821846c258c4995e5e033a30f586) Importer(815301076,1909f56bfc062723c751e8b465ee728b)
Start importing Assets/Solitario/Solitario/opzioni/pop-up/fondo-opzioni.png using Guid(7f10821846c258c4995e5e033a30f586) Importer(815301076,1909f56bfc062723c751e8b465ee728b)  -> (artifact id: 'f6bb02cccfe218402c88b34efe6b75ba') in 0.019728 seconds
  Import took 0.022135 seconds .

========================================================================
Received Import Request.
  Time since last request: 0.000171 seconds.
  path: Assets/Solitario/Solitario/opzioni/pop-up/selezione-background.png
  artifactKey: Guid(46ba1caee7a89364da5c94a86771edcf) Importer(815301076,1909f56bfc062723c751e8b465ee728b)
Start importing Assets/Solitario/Solitario/opzioni/pop-up/selezione-background.png using Guid(46ba1caee7a89364da5c94a86771edcf) Importer(815301076,1909f56bfc062723c751e8b465ee728b)  -> (artifact id: '21b4d10a177fac16bea35b519006bb12') in 0.011536 seconds
  Import took 0.014620 seconds .

========================================================================
Received Import Request.
  Time since last request: 14.001011 seconds.
  path: Assets/Solitario/Solitario/opzioni/pop-up/fondo-opzioni.png
  artifactKey: Guid(7f10821846c258c4995e5e033a30f586) Importer(815301076,1909f56bfc062723c751e8b465ee728b)
Start importing Assets/Solitario/Solitario/opzioni/pop-up/fondo-opzioni.png using Guid(7f10821846c258c4995e5e033a30f586) Importer(815301076,1909f56bfc062723c751e8b465ee728b)  -> (artifact id: 'd704b4d4f242947ccf04ac91da9f3c7a') in 0.013345 seconds
  Import took 0.015632 seconds .

========================================================================
Received Import Request.
  Time since last request: 0.000145 seconds.
  path: Assets/Solitario/Solitario/opzioni/pop-up/scelta-opzioni.png
  artifactKey: Guid(0541569d116f8b64b98c66fe5c99bdce) Importer(815301076,1909f56bfc062723c751e8b465ee728b)
Start importing Assets/Solitario/Solitario/opzioni/pop-up/scelta-opzioni.png using Guid(0541569d116f8b64b98c66fe5c99bdce) Importer(815301076,1909f56bfc062723c751e8b465ee728b)  -> (artifact id: '58db66a571acee80cf2ec9c6dad60833') in 0.015517 seconds
  Import took 0.017813 seconds .

========================================================================
Received Import Request.
  Time since last request: 0.000128 seconds.
  path: Assets/Solitario/Solitario/opzioni/pop-up/fondo-scuro.png
  artifactKey: Guid(2eee34cd62b7ef84cb55485e445bba78) Importer(815301076,1909f56bfc062723c751e8b465ee728b)
Start importing Assets/Solitario/Solitario/opzioni/pop-up/fondo-scuro.png using Guid(2eee34cd62b7ef84cb55485e445bba78) Importer(815301076,1909f56bfc062723c751e8b465ee728b)  -> (artifact id: 'f97c9a609d96b3730cac6f48084bd3b3') in 0.015416 seconds
  Import took 0.018852 seconds .

========================================================================
Received Import Request.
  Time since last request: 0.000374 seconds.
  path: Assets/Solitario/Solitario/opzioni/pop-up/X esc.png
  artifactKey: Guid(f231f2b727b36d440b481793af1976b7) Importer(815301076,1909f56bfc062723c751e8b465ee728b)
Start importing Assets/Solitario/Solitario/opzioni/pop-up/X esc.png using Guid(f231f2b727b36d440b481793af1976b7) Importer(815301076,1909f56bfc062723c751e8b465ee728b)  -> (artifact id: 'af205d4d326d356a59c2e1a4dc5b83eb') in 0.011327 seconds
  Import took 0.013663 seconds .

========================================================================
Received Import Request.
  Time since last request: 0.000180 seconds.
  path: Assets/Solitario/Solitario/opzioni/pop-up/selezione-background.png
  artifactKey: Guid(46ba1caee7a89364da5c94a86771edcf) Importer(815301076,1909f56bfc062723c751e8b465ee728b)
Start importing Assets/Solitario/Solitario/opzioni/pop-up/selezione-background.png using Guid(46ba1caee7a89364da5c94a86771edcf) Importer(815301076,1909f56bfc062723c751e8b465ee728b)  -> (artifact id: '49b6ddc8f169e3208a0897acdf17733c') in 0.013279 seconds
  Import took 0.015850 seconds .

========================================================================
Received Import Request.
  Time since last request: 6.188072 seconds.
  path: Assets/Solitario/Solitario/home/bottone_continua.png
  artifactKey: Guid(6646ee2248bf5414a8472297519e49e4) Importer(815301076,1909f56bfc062723c751e8b465ee728b)
Start importing Assets/Solitario/Solitario/home/bottone_continua.png using Guid(6646ee2248bf5414a8472297519e49e4) Importer(815301076,1909f56bfc062723c751e8b465ee728b)  -> (artifact id: '5af4896db8695ae8320561e8e969c24a') in 0.015225 seconds
  Import took 0.019087 seconds .

========================================================================
Received Import Request.
  Time since last request: 0.000184 seconds.
  path: Assets/Solitario/Solitario/home/Schermata 2014-11-05 alle 12.12.58.png
  artifactKey: Guid(e0d555f54dcac244383a0efc4a87ba1d) Importer(815301076,1909f56bfc062723c751e8b465ee728b)
Start importing Assets/Solitario/Solitario/home/Schermata 2014-11-05 alle 12.12.58.png using Guid(e0d555f54dcac244383a0efc4a87ba1d) Importer(815301076,1909f56bfc062723c751e8b465ee728b)  -> (artifact id: '51c48758e172a40bce583893aaa79d69') in 0.014364 seconds
  Import took 0.017553 seconds .

========================================================================
Received Import Request.
  Time since last request: 0.000161 seconds.
  path: Assets/Solitario/Solitario/home/quadri.png
  artifactKey: Guid(50b1f8b01bffbe44abf6fa9f88fa0dfd) Importer(815301076,1909f56bfc062723c751e8b465ee728b)
Start importing Assets/Solitario/Solitario/home/quadri.png using Guid(50b1f8b01bffbe44abf6fa9f88fa0dfd) Importer(815301076,1909f56bfc062723c751e8b465ee728b)  -> (artifact id: 'a0ce62ab45c5a460f024ed33ab97d725') in 0.015841 seconds
  Import took 0.020819 seconds .

========================================================================
Received Import Request.
  Time since last request: 0.000220 seconds.
  path: Assets/Solitario/Solitario/home/cuori.png
  artifactKey: Guid(7262f4ccfabcfbe48a51d5c33d63852f) Importer(815301076,1909f56bfc062723c751e8b465ee728b)
Start importing Assets/Solitario/Solitario/home/cuori.png using Guid(7262f4ccfabcfbe48a51d5c33d63852f) Importer(815301076,1909f56bfc062723c751e8b465ee728b)  -> (artifact id: 'f9c9b772c693dd8be79836fa21cf0500') in 0.011275 seconds
  Import took 0.015635 seconds .

========================================================================
Received Import Request.
  Time since last request: 0.000191 seconds.
  path: Assets/Solitario/Solitario/home/fiori.png
  artifactKey: Guid(0ff4af97e48774741b00baed06ca5a4d) Importer(815301076,1909f56bfc062723c751e8b465ee728b)
Start importing Assets/Solitario/Solitario/home/fiori.png using Guid(0ff4af97e48774741b00baed06ca5a4d) Importer(815301076,1909f56bfc062723c751e8b465ee728b)  -> (artifact id: '0e22dd003e248b8f41a57fd5820c47be') in 0.019720 seconds
  Import took 0.023315 seconds .

========================================================================
Received Import Request.
  Time since last request: 0.000460 seconds.
  path: Assets/Solitario/Solitario/home/bottone_nuovapartita.png
  artifactKey: Guid(f0d4383f8e7911a4ca60f6a3538f3f98) Importer(815301076,1909f56bfc062723c751e8b465ee728b)
Start importing Assets/Solitario/Solitario/home/bottone_nuovapartita.png using Guid(f0d4383f8e7911a4ca60f6a3538f3f98) Importer(815301076,1909f56bfc062723c751e8b465ee728b)  -> (artifact id: '1e982c523df7142713ae60ea72b5ca32') in 0.022912 seconds
  Import took 0.030203 seconds .

========================================================================
Received Import Request.
  Time since last request: 0.000225 seconds.
  path: Assets/Solitario/Solitario/home/x.png
  artifactKey: Guid(5cb1c2e7d4ccb9946a96fab81f1c0c31) Importer(815301076,1909f56bfc062723c751e8b465ee728b)
Start importing Assets/Solitario/Solitario/home/x.png using Guid(5cb1c2e7d4ccb9946a96fab81f1c0c31) Importer(815301076,1909f56bfc062723c751e8b465ee728b)  -> (artifact id: 'ff6a11c95cdf1992d0eec58e149d37b1') in 0.013624 seconds
  Import took 0.016758 seconds .

========================================================================
Received Import Request.
  Time since last request: 0.000191 seconds.
  path: Assets/Solitario/Solitario/home/facebook.png
  artifactKey: Guid(03ade7a2fea05e545b170e36e7864b6a) Importer(815301076,1909f56bfc062723c751e8b465ee728b)
Start importing Assets/Solitario/Solitario/home/facebook.png using Guid(03ade7a2fea05e545b170e36e7864b6a) Importer(815301076,1909f56bfc062723c751e8b465ee728b)  -> (artifact id: '164ca9ac005d136fe08adc5afccb4fd1') in 0.014319 seconds
  Import took 0.018908 seconds .

========================================================================
Received Import Request.
  Time since last request: 0.000178 seconds.
  path: Assets/Solitario/Solitario/home/nome-gioco.png
  artifactKey: Guid(9fe0e9637293cc2478141170a8aac8a9) Importer(815301076,1909f56bfc062723c751e8b465ee728b)
Start importing Assets/Solitario/Solitario/home/nome-gioco.png using Guid(9fe0e9637293cc2478141170a8aac8a9) Importer(815301076,1909f56bfc062723c751e8b465ee728b)  -> (artifact id: '089579e09bf9a282672343a54c686c85') in 0.016395 seconds
  Import took 0.018645 seconds .

========================================================================
Received Import Request.
  Time since last request: 0.000239 seconds.
  path: Assets/Solitario/Solitario/home/i.png
  artifactKey: Guid(242afc88801dec44eb6d3d57a9992cb2) Importer(815301076,1909f56bfc062723c751e8b465ee728b)
Start importing Assets/Solitario/Solitario/home/i.png using Guid(242afc88801dec44eb6d3d57a9992cb2) Importer(815301076,1909f56bfc062723c751e8b465ee728b)  -> (artifact id: 'bdea8838418f918d02110bd378779e92') in 0.012194 seconds
  Import took 0.016185 seconds .

========================================================================
Received Import Request.
  Time since last request: 0.000195 seconds.
  path: Assets/Solitario/Solitario/home/Schermata 2014-11-05 alle 12.12.44.png
  artifactKey: Guid(e6d1831e372e38942b36fa8745a7575a) Importer(815301076,1909f56bfc062723c751e8b465ee728b)
Start importing Assets/Solitario/Solitario/home/Schermata 2014-11-05 alle 12.12.44.png using Guid(e6d1831e372e38942b36fa8745a7575a) Importer(815301076,1909f56bfc062723c751e8b465ee728b)  -> (artifact id: '13299ba114cf1c70ea382eb128192ba2') in 0.012614 seconds
  Import took 0.016622 seconds .

========================================================================
Received Import Request.
  Time since last request: 0.000195 seconds.
  path: Assets/Solitario/Solitario/home/picche.png
  artifactKey: Guid(7c6bc3e3031581942a23afdde8929c25) Importer(815301076,1909f56bfc062723c751e8b465ee728b)
Start importing Assets/Solitario/Solitario/home/picche.png using Guid(7c6bc3e3031581942a23afdde8929c25) Importer(815301076,1909f56bfc062723c751e8b465ee728b)  -> (artifact id: '1272b452ddb5829b3adff0a1f11e0c06') in 0.010358 seconds
  Import took 0.016067 seconds .

========================================================================
Received Import Request.
  Time since last request: 14.316804 seconds.
  path: Assets/Solitario/Solitario/home/bottone_continua.png
  artifactKey: Guid(6646ee2248bf5414a8472297519e49e4) Importer(815301076,1909f56bfc062723c751e8b465ee728b)
Start importing Assets/Solitario/Solitario/home/bottone_continua.png using Guid(6646ee2248bf5414a8472297519e49e4) Importer(815301076,1909f56bfc062723c751e8b465ee728b)  -> (artifact id: '07da69ffa7c89d19ebfe55e90a684201') in 0.012676 seconds
  Import took 0.015218 seconds .

========================================================================
Received Import Request.
  Time since last request: 0.000149 seconds.
  path: Assets/Solitario/Solitario/home/quadri.png
  artifactKey: Guid(50b1f8b01bffbe44abf6fa9f88fa0dfd) Importer(815301076,1909f56bfc062723c751e8b465ee728b)
Start importing Assets/Solitario/Solitario/home/quadri.png using Guid(50b1f8b01bffbe44abf6fa9f88fa0dfd) Importer(815301076,1909f56bfc062723c751e8b465ee728b)  -> (artifact id: '72ea59209f621950ac1d985a44947478') in 0.018915 seconds
  Import took 0.021162 seconds .

========================================================================
Received Import Request.
  Time since last request: 0.000147 seconds.
  path: Assets/Solitario/Solitario/home/cuori.png
  artifactKey: Guid(7262f4ccfabcfbe48a51d5c33d63852f) Importer(815301076,1909f56bfc062723c751e8b465ee728b)
Start importing Assets/Solitario/Solitario/home/cuori.png using Guid(7262f4ccfabcfbe48a51d5c33d63852f) Importer(815301076,1909f56bfc062723c751e8b465ee728b)  -> (artifact id: 'aef8f395306e11635883dd697c87f2ef') in 0.012962 seconds
  Import took 0.015673 seconds .

========================================================================
Received Import Request.
  Time since last request: 0.000143 seconds.
  path: Assets/Solitario/Solitario/home/fiori.png
  artifactKey: Guid(0ff4af97e48774741b00baed06ca5a4d) Importer(815301076,1909f56bfc062723c751e8b465ee728b)
Start importing Assets/Solitario/Solitario/home/fiori.png using Guid(0ff4af97e48774741b00baed06ca5a4d) Importer(815301076,1909f56bfc062723c751e8b465ee728b)  -> (artifact id: '7398e747b2cb67e2f182ee697b2b6c4e') in 0.013491 seconds
  Import took 0.016654 seconds .

========================================================================
Received Import Request.
  Time since last request: 0.000135 seconds.
  path: Assets/Solitario/Solitario/home/bottone_nuovapartita.png
  artifactKey: Guid(f0d4383f8e7911a4ca60f6a3538f3f98) Importer(815301076,1909f56bfc062723c751e8b465ee728b)
Start importing Assets/Solitario/Solitario/home/bottone_nuovapartita.png using Guid(f0d4383f8e7911a4ca60f6a3538f3f98) Importer(815301076,1909f56bfc062723c751e8b465ee728b)  -> (artifact id: '308ec1c85fc876e965418cb6c6a3929b') in 0.015249 seconds
  Import took 0.017481 seconds .

========================================================================
Received Import Request.
  Time since last request: 0.000236 seconds.
  path: Assets/Solitario/Solitario/home/x.png
  artifactKey: Guid(5cb1c2e7d4ccb9946a96fab81f1c0c31) Importer(815301076,1909f56bfc062723c751e8b465ee728b)
Start importing Assets/Solitario/Solitario/home/x.png using Guid(5cb1c2e7d4ccb9946a96fab81f1c0c31) Importer(815301076,1909f56bfc062723c751e8b465ee728b)  -> (artifact id: '44267410f6e5104b64cee36b761f3251') in 0.011916 seconds
  Import took 0.014637 seconds .

========================================================================
Received Import Request.
  Time since last request: 0.000141 seconds.
  path: Assets/Solitario/Solitario/home/facebook.png
  artifactKey: Guid(03ade7a2fea05e545b170e36e7864b6a) Importer(815301076,1909f56bfc062723c751e8b465ee728b)
Start importing Assets/Solitario/Solitario/home/facebook.png using Guid(03ade7a2fea05e545b170e36e7864b6a) Importer(815301076,1909f56bfc062723c751e8b465ee728b)  -> (artifact id: '10f20f8532b9aff006a841fe4bf717dc') in 0.013532 seconds
  Import took 0.016619 seconds .

========================================================================
Received Import Request.
  Time since last request: 0.000133 seconds.
  path: Assets/Solitario/Solitario/home/nome-gioco.png
  artifactKey: Guid(9fe0e9637293cc2478141170a8aac8a9) Importer(815301076,1909f56bfc062723c751e8b465ee728b)
Start importing Assets/Solitario/Solitario/home/nome-gioco.png using Guid(9fe0e9637293cc2478141170a8aac8a9) Importer(815301076,1909f56bfc062723c751e8b465ee728b)  -> (artifact id: 'c3d2dd0178063c73389e8e2484ffca2a') in 0.016314 seconds
  Import took 0.018558 seconds .

========================================================================
Received Import Request.
  Time since last request: 0.000195 seconds.
  path: Assets/Solitario/Solitario/home/i.png
  artifactKey: Guid(242afc88801dec44eb6d3d57a9992cb2) Importer(815301076,1909f56bfc062723c751e8b465ee728b)
Start importing Assets/Solitario/Solitario/home/i.png using Guid(242afc88801dec44eb6d3d57a9992cb2) Importer(815301076,1909f56bfc062723c751e8b465ee728b)  -> (artifact id: 'dc0f921e098fe15161c6ce90268b76a3') in 0.011221 seconds
  Import took 0.015054 seconds .

========================================================================
Received Import Request.
  Time since last request: 0.000147 seconds.
  path: Assets/Solitario/Solitario/home/picche.png
  artifactKey: Guid(7c6bc3e3031581942a23afdde8929c25) Importer(815301076,1909f56bfc062723c751e8b465ee728b)
Start importing Assets/Solitario/Solitario/home/picche.png using Guid(7c6bc3e3031581942a23afdde8929c25) Importer(815301076,1909f56bfc062723c751e8b465ee728b)  -> (artifact id: '38d7b155c5e2f7ebd2343baf31b18ef7') in 0.015188 seconds
  Import took 0.017566 seconds .

AssetImportWorkerClient::OnTransportError - code=2 error=End of file
