Using pre-set license
Built from '2020.3/staging' branch; Version is '2020.3.11f1 (99c7afb366b3) revision 10078127'; Using compiler version '192528614'; Build Type 'Release'
OS: 'Windows 10 Home; OS build 19042.1288; Version 2009; 64bit' Language: 'en' Physical Memory: 32635 MB
BatchMode: 1, IsHumanControllingUs: 0, StartBugReporterOnCrash: 0, Is64bit: 1, IsPro: 0

 COMMAND LINE ARGUMENTS:
C:\Program Files\Unity\Hub\Editor\2020.3.11f1\Editor\Unity.exe
-adb2
-batchMode
-noUpm
-name
AssetImportWorker2
-projectPath
C:/Users/emre_/Desktop/Github/Solitaire
-logFile
Logs/AssetImportWorker2.log
-srvPort
64824
Successfully changed project path to: C:/Users/emre_/Desktop/Github/Solitaire
C:/Users/emre_/Desktop/Github/Solitaire
Using Asset Import Pipeline V2.
Refreshing native plugins compatible for Editor in 29.82 ms, found 2 plugins.
Preloading 0 native plugins for Editor in 0.00 ms.
Initialize engine version: 2020.3.11f1 (99c7afb366b3)
[Subsystems] Discovering subsystems at path C:/Program Files/Unity/Hub/Editor/2020.3.11f1/Editor/Data/Resources/UnitySubsystems
[Subsystems] Discovering subsystems at path C:/Users/emre_/Desktop/Github/Solitaire/Assets
GfxDevice: creating device client; threaded=0
Direct3D:
    Version:  Direct3D 11.0 [level 11.1]
    Renderer: NVIDIA GeForce RTX 2070 Super (ID=0x1e91)
    Vendor:   
    VRAM:     8011 MB
    Driver:   26.21.14.4223
Initialize mono
Mono path[0] = 'C:/Program Files/Unity/Hub/Editor/2020.3.11f1/Editor/Data/Managed'
Mono path[1] = 'C:/Program Files/Unity/Hub/Editor/2020.3.11f1/Editor/Data/MonoBleedingEdge/lib/mono/unityjit'
Mono config path = 'C:/Program Files/Unity/Hub/Editor/2020.3.11f1/Editor/Data/MonoBleedingEdge/etc'
Using monoOptions --debugger-agent=transport=dt_socket,embedding=1,server=y,suspend=n,address=127.0.0.1:56712
Begin MonoManager ReloadAssembly
Registering precompiled unity dll's ...
Register platform support module: C:/Program Files/Unity/Hub/Editor/2020.3.11f1/Editor/Data/PlaybackEngines/WindowsStandaloneSupport/UnityEditor.WindowsStandalone.Extensions.dll
Registered in 0.001488 seconds.
Native extension for WindowsStandalone target not found
Refreshing native plugins compatible for Editor in 28.47 ms, found 2 plugins.
Preloading 0 native plugins for Editor in 0.00 ms.
Mono: successfully reloaded assembly
- Completed reload, in  1.647 seconds
Platform modules already initialized, skipping
Registering precompiled user dll's ...
Registered in 0.004765 seconds.
Begin MonoManager ReloadAssembly
Native extension for WindowsStandalone target not found
Refreshing native plugins compatible for Editor in 0.35 ms, found 2 plugins.
Preloading 0 native plugins for Editor in 0.00 ms.
Mono: successfully reloaded assembly
- Completed reload, in  0.885 seconds
Platform modules already initialized, skipping
========================================================================
Worker process is ready to serve import requests
Launched and connected shader compiler UnityShaderCompiler.exe after 0.03 seconds
Refreshing native plugins compatible for Editor in 0.31 ms, found 2 plugins.
Preloading 0 native plugins for Editor in 0.00 ms.
Unloading 1470 Unused Serialized files (Serialized files now loaded: 0)
System memory in use before: 70.2 MB.
System memory in use after: 70.3 MB.

Unloading 25 unused Assets to reduce memory usage. Loaded Objects now: 1911.
Total: 2.022900 ms (FindLiveObjects: 0.182100 ms CreateObjectMapping: 0.061700 ms MarkObjects: 1.693400 ms  DeleteObjects: 0.085000 ms)

========================================================================
Received Import Request.
  path: Assets/Prefabs/Card.prefab
  artifactKey: Guid(98864b35c4a2474448c8036274ce5a2f) Importer(815301076,1909f56bfc062723c751e8b465ee728b)
Start importing Assets/Prefabs/Card.prefab using Guid(98864b35c4a2474448c8036274ce5a2f) Importer(815301076,1909f56bfc062723c751e8b465ee728b)  -> (artifact id: '8b73b600e759797b2b7c789f5e88e874') in 0.060987 seconds
  Import took 0.063650 seconds .

========================================================================
Received Import Request.
  Time since last request: 0.000203 seconds.
  path: Assets/Prefabs/Canvas-Game.prefab
  artifactKey: Guid(b86b81cb32a8bbc428259b7d9e864506) Importer(815301076,1909f56bfc062723c751e8b465ee728b)
Start importing Assets/Prefabs/Canvas-Game.prefab using Guid(b86b81cb32a8bbc428259b7d9e864506) Importer(815301076,1909f56bfc062723c751e8b465ee728b)  -> (artifact id: '0bcb727b0208c59470178ff069d86617') in 0.018890 seconds
  Import took 0.022280 seconds .

========================================================================
Received Import Request.
  Time since last request: 2.531183 seconds.
  path: Assets/Prefabs/Card.prefab
  artifactKey: Guid(98864b35c4a2474448c8036274ce5a2f) Importer(815301076,1909f56bfc062723c751e8b465ee728b)
Start importing Assets/Prefabs/Card.prefab using Guid(98864b35c4a2474448c8036274ce5a2f) Importer(815301076,1909f56bfc062723c751e8b465ee728b)  -> (artifact id: '48ebf8bde51aabfa45bb2a8a9d2c2fbb') in 0.011342 seconds
  Import took 0.015616 seconds .

========================================================================
Received Prepare
Registering precompiled user dll's ...
Registered in 0.004542 seconds.
Begin MonoManager ReloadAssembly
Native extension for WindowsStandalone target not found
Refreshing native plugins compatible for Editor in 0.34 ms, found 2 plugins.
Preloading 0 native plugins for Editor in 0.00 ms.
Mono: successfully reloaded assembly
- Completed reload, in  0.829 seconds
Platform modules already initialized, skipping
Switching build target platform(19) subTarget(0) extendedPlatform(0) -> platform(13) subTarget(537395200) extendedPlatform(0)
Refreshing native plugins compatible for Editor in 0.33 ms, found 2 plugins.
Preloading 0 native plugins for Editor in 0.00 ms.
Unloading 1455 Unused Serialized files (Serialized files now loaded: 0)
System memory in use before: 68.8 MB.
System memory in use after: 68.9 MB.

Unloading 20 unused Assets to reduce memory usage. Loaded Objects now: 1914.
Total: 1.653400 ms (FindLiveObjects: 0.159900 ms CreateObjectMapping: 0.044700 ms MarkObjects: 1.408700 ms  DeleteObjects: 0.039700 ms)

AssetImportParameters requested are different than current active one (requested -> active):
  custom:graphics/normal-map-encoding: 01000000000000000000000000000000 -> 02000000000000000000000000000000
========================================================================
Received Prepare
Refreshing native plugins compatible for Editor in 3.59 ms, found 2 plugins.
Preloading 0 native plugins for Editor in 0.00 ms.
Unloading 18 Unused Serialized files (Serialized files now loaded: 0)
System memory in use before: 40.6 MB.
System memory in use after: 40.7 MB.

Unloading 18 unused Assets to reduce memory usage. Loaded Objects now: 1914.
Total: 1.858800 ms (FindLiveObjects: 0.160500 ms CreateObjectMapping: 0.052000 ms MarkObjects: 1.565100 ms  DeleteObjects: 0.080500 ms)

========================================================================
Received Prepare
Registering precompiled user dll's ...
Registered in 0.005221 seconds.
Begin MonoManager ReloadAssembly
Native extension for WindowsStandalone target not found
Refreshing native plugins compatible for Editor in 0.34 ms, found 2 plugins.
Preloading 0 native plugins for Editor in 0.00 ms.
Mono: successfully reloaded assembly
- Completed reload, in  0.968 seconds
Platform modules already initialized, skipping
Switching build target platform(19) subTarget(0) extendedPlatform(0) -> platform(13) subTarget(537395200) extendedPlatform(0)
Refreshing native plugins compatible for Editor in 0.33 ms, found 2 plugins.
Preloading 0 native plugins for Editor in 0.00 ms.
Unloading 1455 Unused Serialized files (Serialized files now loaded: 0)
System memory in use before: 68.8 MB.
System memory in use after: 68.9 MB.

Unloading 20 unused Assets to reduce memory usage. Loaded Objects now: 1917.
Total: 1.738300 ms (FindLiveObjects: 0.134500 ms CreateObjectMapping: 0.037000 ms MarkObjects: 1.486100 ms  DeleteObjects: 0.080200 ms)

AssetImportParameters requested are different than current active one (requested -> active):
  custom:graphics/normal-map-encoding: 01000000000000000000000000000000 -> 02000000000000000000000000000000
========================================================================
Received Prepare
Registering precompiled user dll's ...
Registered in 0.004367 seconds.
Begin MonoManager ReloadAssembly
Native extension for WindowsStandalone target not found
Refreshing native plugins compatible for Editor in 0.36 ms, found 2 plugins.
Preloading 0 native plugins for Editor in 0.00 ms.
Mono: successfully reloaded assembly
- Completed reload, in  0.844 seconds
Platform modules already initialized, skipping
Switching build target platform(19) subTarget(0) extendedPlatform(0) -> platform(13) subTarget(537395200) extendedPlatform(0)
Refreshing native plugins compatible for Editor in 0.37 ms, found 2 plugins.
Preloading 0 native plugins for Editor in 0.00 ms.
Unloading 1455 Unused Serialized files (Serialized files now loaded: 0)
System memory in use before: 68.8 MB.
System memory in use after: 68.9 MB.

Unloading 20 unused Assets to reduce memory usage. Loaded Objects now: 1920.
Total: 2.183900 ms (FindLiveObjects: 0.183300 ms CreateObjectMapping: 0.046300 ms MarkObjects: 1.904500 ms  DeleteObjects: 0.048800 ms)

AssetImportParameters requested are different than current active one (requested -> active):
  custom:graphics/normal-map-encoding: 01000000000000000000000000000000 -> 02000000000000000000000000000000
========================================================================
Received Prepare
Registering precompiled user dll's ...
Registered in 0.005175 seconds.
Begin MonoManager ReloadAssembly
Native extension for WindowsStandalone target not found
Refreshing native plugins compatible for Editor in 0.34 ms, found 2 plugins.
Preloading 0 native plugins for Editor in 0.00 ms.
Mono: successfully reloaded assembly
- Completed reload, in  0.871 seconds
Platform modules already initialized, skipping
Switching build target platform(19) subTarget(0) extendedPlatform(0) -> platform(13) subTarget(537395200) extendedPlatform(0)
Refreshing native plugins compatible for Editor in 0.35 ms, found 2 plugins.
Preloading 0 native plugins for Editor in 0.00 ms.
Unloading 1455 Unused Serialized files (Serialized files now loaded: 0)
System memory in use before: 68.9 MB.
System memory in use after: 68.9 MB.

Unloading 20 unused Assets to reduce memory usage. Loaded Objects now: 1923.
Total: 1.561000 ms (FindLiveObjects: 0.138000 ms CreateObjectMapping: 0.042900 ms MarkObjects: 1.337300 ms  DeleteObjects: 0.041900 ms)

AssetImportParameters requested are different than current active one (requested -> active):
  custom:graphics/normal-map-encoding: 01000000000000000000000000000000 -> 02000000000000000000000000000000
========================================================================
Received Prepare
Registering precompiled user dll's ...
Registered in 0.004974 seconds.
Begin MonoManager ReloadAssembly
Native extension for WindowsStandalone target not found
Refreshing native plugins compatible for Editor in 0.34 ms, found 2 plugins.
Preloading 0 native plugins for Editor in 0.00 ms.
Mono: successfully reloaded assembly
- Completed reload, in  0.931 seconds
Platform modules already initialized, skipping
Switching build target platform(19) subTarget(0) extendedPlatform(0) -> platform(13) subTarget(537395200) extendedPlatform(0)
Refreshing native plugins compatible for Editor in 0.33 ms, found 2 plugins.
Preloading 0 native plugins for Editor in 0.00 ms.
Unloading 1455 Unused Serialized files (Serialized files now loaded: 0)
System memory in use before: 68.9 MB.
System memory in use after: 68.9 MB.

Unloading 20 unused Assets to reduce memory usage. Loaded Objects now: 1926.
Total: 1.683600 ms (FindLiveObjects: 0.228000 ms CreateObjectMapping: 0.063600 ms MarkObjects: 1.350800 ms  DeleteObjects: 0.040500 ms)

AssetImportParameters requested are different than current active one (requested -> active):
  custom:graphics/normal-map-encoding: 01000000000000000000000000000000 -> 02000000000000000000000000000000
========================================================================
Received Prepare
Registering precompiled user dll's ...
Registered in 0.005248 seconds.
Begin MonoManager ReloadAssembly
Native extension for WindowsStandalone target not found
Refreshing native plugins compatible for Editor in 1.76 ms, found 2 plugins.
Preloading 0 native plugins for Editor in 0.00 ms.
Mono: successfully reloaded assembly
- Completed reload, in  1.955 seconds
Platform modules already initialized, skipping
Switching build target platform(19) subTarget(0) extendedPlatform(0) -> platform(13) subTarget(537395200) extendedPlatform(0)
Refreshing native plugins compatible for Editor in 2.37 ms, found 2 plugins.
Preloading 0 native plugins for Editor in 0.00 ms.
Unloading 1455 Unused Serialized files (Serialized files now loaded: 0)
System memory in use before: 68.9 MB.
System memory in use after: 68.9 MB.

Unloading 20 unused Assets to reduce memory usage. Loaded Objects now: 1929.
Total: 5.902100 ms (FindLiveObjects: 0.370600 ms CreateObjectMapping: 0.143100 ms MarkObjects: 5.291500 ms  DeleteObjects: 0.094100 ms)

AssetImportParameters requested are different than current active one (requested -> active):
  custom:graphics/normal-map-encoding: 01000000000000000000000000000000 -> 02000000000000000000000000000000
========================================================================
Received Import Request.
  Time since last request: 374.962568 seconds.
  path: Assets/Prefabs/Card.prefab
  artifactKey: Guid(98864b35c4a2474448c8036274ce5a2f) Importer(815301076,1909f56bfc062723c751e8b465ee728b)
Start importing Assets/Prefabs/Card.prefab using Guid(98864b35c4a2474448c8036274ce5a2f) Importer(815301076,1909f56bfc062723c751e8b465ee728b)  -> (artifact id: '17b7381134dd82adadb5b99bab6b2cf8') in 0.033463 seconds
  Import took 0.036080 seconds .

========================================================================
Received Import Request.
  Time since last request: 10.509694 seconds.
  path: Assets/Prefabs/Card.prefab
  artifactKey: Guid(98864b35c4a2474448c8036274ce5a2f) Importer(815301076,1909f56bfc062723c751e8b465ee728b)
Start importing Assets/Prefabs/Card.prefab using Guid(98864b35c4a2474448c8036274ce5a2f) Importer(815301076,1909f56bfc062723c751e8b465ee728b)  -> (artifact id: 'b296b200086b49a5a7ac8cdbaa9c269a') in 0.011682 seconds
  Import took 0.014211 seconds .

========================================================================
Received Prepare
Registering precompiled user dll's ...
Registered in 0.006033 seconds.
Begin MonoManager ReloadAssembly
Native extension for WindowsStandalone target not found
Refreshing native plugins compatible for Editor in 0.36 ms, found 2 plugins.
Preloading 0 native plugins for Editor in 0.00 ms.
Mono: successfully reloaded assembly
- Completed reload, in  0.947 seconds
Platform modules already initialized, skipping
Switching build target platform(19) subTarget(0) extendedPlatform(0) -> platform(13) subTarget(537395200) extendedPlatform(0)
Refreshing native plugins compatible for Editor in 0.35 ms, found 2 plugins.
Preloading 0 native plugins for Editor in 0.00 ms.
Unloading 1455 Unused Serialized files (Serialized files now loaded: 0)
System memory in use before: 68.9 MB.
System memory in use after: 69.0 MB.

Unloading 20 unused Assets to reduce memory usage. Loaded Objects now: 1932.
Total: 1.841000 ms (FindLiveObjects: 0.148700 ms CreateObjectMapping: 0.047100 ms MarkObjects: 1.597800 ms  DeleteObjects: 0.046600 ms)

AssetImportParameters requested are different than current active one (requested -> active):
  custom:graphics/normal-map-encoding: 01000000000000000000000000000000 -> 02000000000000000000000000000000
========================================================================
Received Prepare
Registering precompiled user dll's ...
Registered in 0.005587 seconds.
Begin MonoManager ReloadAssembly
Native extension for WindowsStandalone target not found
Refreshing native plugins compatible for Editor in 0.47 ms, found 2 plugins.
Preloading 0 native plugins for Editor in 0.00 ms.
Mono: successfully reloaded assembly
- Completed reload, in  0.886 seconds
Platform modules already initialized, skipping
Switching build target platform(19) subTarget(0) extendedPlatform(0) -> platform(13) subTarget(537395200) extendedPlatform(0)
Refreshing native plugins compatible for Editor in 0.34 ms, found 2 plugins.
Preloading 0 native plugins for Editor in 0.00 ms.
Unloading 1455 Unused Serialized files (Serialized files now loaded: 0)
System memory in use before: 68.9 MB.
System memory in use after: 69.0 MB.

Unloading 20 unused Assets to reduce memory usage. Loaded Objects now: 1935.
Total: 1.566300 ms (FindLiveObjects: 0.131100 ms CreateObjectMapping: 0.043600 ms MarkObjects: 1.351100 ms  DeleteObjects: 0.039700 ms)

AssetImportParameters requested are different than current active one (requested -> active):
  custom:graphics/normal-map-encoding: 01000000000000000000000000000000 -> 02000000000000000000000000000000
========================================================================
Received Import Request.
  Time since last request: 74.796585 seconds.
  path: Assets/Prefabs/Card.prefab
  artifactKey: Guid(98864b35c4a2474448c8036274ce5a2f) Importer(815301076,1909f56bfc062723c751e8b465ee728b)
Start importing Assets/Prefabs/Card.prefab using Guid(98864b35c4a2474448c8036274ce5a2f) Importer(815301076,1909f56bfc062723c751e8b465ee728b)  -> (artifact id: '4af88c922ae1e9f7756ce24b1ce97c3d') in 0.029613 seconds
  Import took 0.032249 seconds .

========================================================================
Received Import Request.
  Time since last request: 4.548314 seconds.
  path: Assets/Prefabs/Card.prefab
  artifactKey: Guid(98864b35c4a2474448c8036274ce5a2f) Importer(815301076,1909f56bfc062723c751e8b465ee728b)
Start importing Assets/Prefabs/Card.prefab using Guid(98864b35c4a2474448c8036274ce5a2f) Importer(815301076,1909f56bfc062723c751e8b465ee728b)  -> (artifact id: 'f43f342addc21ad7cb172c9203a2e3d9') in 0.009960 seconds
  Import took 0.012824 seconds .

========================================================================
Received Import Request.
  Time since last request: 5.231885 seconds.
  path: Assets/Prefabs/Card.prefab
  artifactKey: Guid(98864b35c4a2474448c8036274ce5a2f) Importer(815301076,1909f56bfc062723c751e8b465ee728b)
Start importing Assets/Prefabs/Card.prefab using Guid(98864b35c4a2474448c8036274ce5a2f) Importer(815301076,1909f56bfc062723c751e8b465ee728b)  -> (artifact id: 'ca2e6cc31a2e55b55c8a1444f5c1aabe') in 0.008685 seconds
  Import took 0.011821 seconds .

========================================================================
Received Import Request.
  Time since last request: 19.229323 seconds.
  path: Assets/Prefabs/Card.prefab
  artifactKey: Guid(98864b35c4a2474448c8036274ce5a2f) Importer(815301076,1909f56bfc062723c751e8b465ee728b)
Start importing Assets/Prefabs/Card.prefab using Guid(98864b35c4a2474448c8036274ce5a2f) Importer(815301076,1909f56bfc062723c751e8b465ee728b)  -> (artifact id: 'fd57114b217d91a52777de6c339cc1ac') in 0.011078 seconds
  Import took 0.013953 seconds .

========================================================================
Received Import Request.
  Time since last request: 2.604376 seconds.
  path: Assets/Prefabs/Card.prefab
  artifactKey: Guid(98864b35c4a2474448c8036274ce5a2f) Importer(815301076,1909f56bfc062723c751e8b465ee728b)
Start importing Assets/Prefabs/Card.prefab using Guid(98864b35c4a2474448c8036274ce5a2f) Importer(815301076,1909f56bfc062723c751e8b465ee728b)  -> (artifact id: 'e4844c761af865dc9c0b31241bd75a76') in 0.010029 seconds
  Import took 0.013385 seconds .

========================================================================
Received Prepare
Registering precompiled user dll's ...
Registered in 0.005519 seconds.
Begin MonoManager ReloadAssembly
Native extension for WindowsStandalone target not found
Refreshing native plugins compatible for Editor in 0.35 ms, found 2 plugins.
Preloading 0 native plugins for Editor in 0.00 ms.
Mono: successfully reloaded assembly
- Completed reload, in  0.875 seconds
Platform modules already initialized, skipping
Switching build target platform(19) subTarget(0) extendedPlatform(0) -> platform(13) subTarget(537395200) extendedPlatform(0)
Refreshing native plugins compatible for Editor in 0.58 ms, found 2 plugins.
Preloading 0 native plugins for Editor in 0.00 ms.
Unloading 1455 Unused Serialized files (Serialized files now loaded: 0)
System memory in use before: 68.9 MB.
System memory in use after: 69.0 MB.

Unloading 20 unused Assets to reduce memory usage. Loaded Objects now: 1938.
Total: 2.477900 ms (FindLiveObjects: 0.335300 ms CreateObjectMapping: 0.069500 ms MarkObjects: 1.994400 ms  DeleteObjects: 0.077400 ms)

AssetImportParameters requested are different than current active one (requested -> active):
  custom:graphics/normal-map-encoding: 01000000000000000000000000000000 -> 02000000000000000000000000000000
========================================================================
Received Prepare
Registering precompiled user dll's ...
Registered in 0.005829 seconds.
Begin MonoManager ReloadAssembly
Native extension for WindowsStandalone target not found
Refreshing native plugins compatible for Editor in 0.38 ms, found 2 plugins.
Preloading 0 native plugins for Editor in 0.00 ms.
Mono: successfully reloaded assembly
- Completed reload, in  1.083 seconds
Platform modules already initialized, skipping
Switching build target platform(19) subTarget(0) extendedPlatform(0) -> platform(13) subTarget(537395200) extendedPlatform(0)
Refreshing native plugins compatible for Editor in 0.36 ms, found 2 plugins.
Preloading 0 native plugins for Editor in 0.00 ms.
Unloading 1455 Unused Serialized files (Serialized files now loaded: 0)
System memory in use before: 68.9 MB.
System memory in use after: 69.0 MB.

Unloading 20 unused Assets to reduce memory usage. Loaded Objects now: 1941.
Total: 1.885500 ms (FindLiveObjects: 0.141500 ms CreateObjectMapping: 0.045500 ms MarkObjects: 1.648400 ms  DeleteObjects: 0.049000 ms)

AssetImportParameters requested are different than current active one (requested -> active):
  custom:graphics/normal-map-encoding: 01000000000000000000000000000000 -> 02000000000000000000000000000000
========================================================================
Received Prepare
Refreshing native plugins compatible for Editor in 3.75 ms, found 2 plugins.
Preloading 0 native plugins for Editor in 0.00 ms.
Unloading 18 Unused Serialized files (Serialized files now loaded: 0)
System memory in use before: 40.7 MB.
System memory in use after: 40.8 MB.

Unloading 18 unused Assets to reduce memory usage. Loaded Objects now: 1941.
Total: 1.806400 ms (FindLiveObjects: 0.141400 ms CreateObjectMapping: 0.046300 ms MarkObjects: 1.575900 ms  DeleteObjects: 0.042000 ms)

AssetImportWorkerClient::OnTransportError - code=2 error=End of file
